2021-02-07 20:18:58,105   DEBUG org.jboss.logging:152 Logging Provider: org.jboss.logging.Log4j2LoggerProvider
2021-02-07 20:18:58,121   INFO org.hibernate.validator.internal.util.Version:17 HV000001: Hibernate Validator 5.2.0.Final
2021-02-07 20:18:58,253   INFO com.trans.payment.core.CoreApplication:55 Starting CoreApplication on DESKTOP-4F7LLMT with PID 10924 (D:\workSpace\trans\trans-core\target\classes started by hupengxiang in D:\workSpace\trans)
2021-02-07 20:18:58,262   DEBUG com.trans.payment.core.CoreApplication:56 Running with Spring Boot v2.3.3.RELEASE, Spring v5.2.8.RELEASE
2021-02-07 20:18:58,264   INFO com.trans.payment.core.CoreApplication:651 No active profile set, falling back to default profiles: default
2021-02-07 20:19:00,498   DEBUG tk.mybatis.mapper.autoconfigure.MapperAutoConfiguration:203 Searching for mappers annotated with @Mapper
2021-02-07 20:19:00,636   DEBUG tk.mybatis.mapper.autoconfigure.MapperAutoConfiguration:214 Using auto-configuration base package 'com.trans.payment.core'
2021-02-07 20:19:00,642   WARN tk.mybatis.spring.mapper.ClassPathMapperScanner:146 No MyBatis mapper was found in '[com.trans.payment.core]' package. Please check your configuration.
2021-02-07 20:19:00,670   WARN org.mybatis.spring.mapper.ClassPathMapperScanner:166 No MyBatis mapper was found in '[com.trans.payment.core]' package. Please check your configuration.
2021-02-07 20:19:02,096   WARN io.undertow.websockets.jsr:68 UT026010: Buffer pool was not set on WebSocketDeploymentInfo, the default pool will be used
2021-02-07 20:19:02,138   DEBUG io.undertow.session:384 Setting default session timeout to 1800
2021-02-07 20:19:02,164   INFO io.undertow.servlet:364 Initializing Spring embedded WebApplicationContext
2021-02-07 20:19:02,165   INFO org.springframework.boot.web.servlet.context.ServletWebServerApplicationContext:285 Root WebApplicationContext: initialization completed in 3793 ms
2021-02-07 20:19:02,358   DEBUG io.micrometer.core.util.internal.logging.InternalLoggerFactory:61 Using SLF4J as the default logging framework
2021-02-07 20:19:02,825   DEBUG io.undertow.session:245 Registered session listener io.undertow.servlet.core.SessionListenerBridge@5ea4300e
2021-02-07 20:19:02,961   DEBUG io.undertow.session:384 Setting default session timeout to 1800
2021-02-07 20:19:03,441   INFO org.springframework.scheduling.concurrent.ThreadPoolTaskExecutor:181 Initializing ExecutorService 'applicationTaskExecutor'
2021-02-07 20:19:04,034   INFO com.alibaba.druid.spring.boot.autoconfigure.DruidDataSourceAutoConfigure:56 Init DruidDataSource
2021-02-07 20:19:52,302   DEBUG org.jboss.logging:152 Logging Provider: org.jboss.logging.Log4j2LoggerProvider
2021-02-07 20:19:52,317   INFO org.hibernate.validator.internal.util.Version:17 HV000001: Hibernate Validator 5.2.0.Final
2021-02-07 20:19:52,402   INFO com.trans.payment.core.CoreApplication:55 Starting CoreApplication on DESKTOP-4F7LLMT with PID 11984 (D:\workSpace\trans\trans-core\target\classes started by hupengxiang in D:\workSpace\trans)
2021-02-07 20:19:52,409   DEBUG com.trans.payment.core.CoreApplication:56 Running with Spring Boot v2.3.3.RELEASE, Spring v5.2.8.RELEASE
2021-02-07 20:19:52,409   INFO com.trans.payment.core.CoreApplication:651 No active profile set, falling back to default profiles: default
2021-02-07 20:19:54,383   DEBUG tk.mybatis.mapper.autoconfigure.MapperAutoConfiguration:203 Searching for mappers annotated with @Mapper
2021-02-07 20:19:54,518   DEBUG tk.mybatis.mapper.autoconfigure.MapperAutoConfiguration:214 Using auto-configuration base package 'com.trans.payment.core'
2021-02-07 20:19:54,529   WARN tk.mybatis.spring.mapper.ClassPathMapperScanner:146 No MyBatis mapper was found in '[com.trans.payment.core]' package. Please check your configuration.
2021-02-07 20:19:54,547   WARN org.mybatis.spring.mapper.ClassPathMapperScanner:166 No MyBatis mapper was found in '[com.trans.payment.core]' package. Please check your configuration.
2021-02-07 20:19:55,927   WARN io.undertow.websockets.jsr:68 UT026010: Buffer pool was not set on WebSocketDeploymentInfo, the default pool will be used
2021-02-07 20:19:55,966   DEBUG io.undertow.session:384 Setting default session timeout to 1800
2021-02-07 20:19:55,988   INFO io.undertow.servlet:364 Initializing Spring embedded WebApplicationContext
2021-02-07 20:19:55,988   INFO org.springframework.boot.web.servlet.context.ServletWebServerApplicationContext:285 Root WebApplicationContext: initialization completed in 3476 ms
2021-02-07 20:19:56,118   DEBUG io.micrometer.core.util.internal.logging.InternalLoggerFactory:61 Using SLF4J as the default logging framework
2021-02-07 20:19:56,473   DEBUG io.undertow.session:245 Registered session listener io.undertow.servlet.core.SessionListenerBridge@4dba773d
2021-02-07 20:19:56,594   DEBUG io.undertow.session:384 Setting default session timeout to 1800
2021-02-07 20:19:56,879   INFO org.springframework.scheduling.concurrent.ThreadPoolTaskExecutor:181 Initializing ExecutorService 'applicationTaskExecutor'
2021-02-07 20:19:57,152   INFO com.alibaba.druid.spring.boot.autoconfigure.DruidDataSourceAutoConfigure:56 Init DruidDataSource
2021-02-07 20:21:04,356   ERROR com.alibaba.druid.pool.DruidDataSource:936 init datasource error, url: jdbc:mysql://39.97.101.65:3306/mysql?useUnicode=true&characterEncoding=utf-8&useSSL=false&serverTimezone=GMT&autoReconnect=true&failOverReadOnly=false&zeroDateTimeBehavior=convertToNull
java.sql.SQLNonTransientConnectionException: Could not create connection to database server. Attempted reconnect 3 times. Giving up.
	at com.mysql.cj.jdbc.exceptions.SQLError.createSQLException(SQLError.java:110) ~[mysql-connector-java-8.0.21.jar:8.0.21]
	at com.mysql.cj.jdbc.exceptions.SQLError.createSQLException(SQLError.java:97) ~[mysql-connector-java-8.0.21.jar:8.0.21]
	at com.mysql.cj.jdbc.exceptions.SQLError.createSQLException(SQLError.java:89) ~[mysql-connector-java-8.0.21.jar:8.0.21]
	at com.mysql.cj.jdbc.exceptions.SQLError.createSQLException(SQLError.java:63) ~[mysql-connector-java-8.0.21.jar:8.0.21]
	at com.mysql.cj.jdbc.exceptions.SQLError.createSQLException(SQLError.java:73) ~[mysql-connector-java-8.0.21.jar:8.0.21]
	at com.mysql.cj.jdbc.ConnectionImpl.connectWithRetries(ConnectionImpl.java:906) ~[mysql-connector-java-8.0.21.jar:8.0.21]
	at com.mysql.cj.jdbc.ConnectionImpl.createNewIO(ConnectionImpl.java:831) ~[mysql-connector-java-8.0.21.jar:8.0.21]
	at com.mysql.cj.jdbc.ConnectionImpl.<init>(ConnectionImpl.java:456) ~[mysql-connector-java-8.0.21.jar:8.0.21]
	at com.mysql.cj.jdbc.ConnectionImpl.getInstance(ConnectionImpl.java:246) ~[mysql-connector-java-8.0.21.jar:8.0.21]
	at com.mysql.cj.jdbc.NonRegisteringDriver.connect(NonRegisteringDriver.java:197) ~[mysql-connector-java-8.0.21.jar:8.0.21]
	at com.alibaba.druid.filter.FilterChainImpl.connection_connect(FilterChainImpl.java:156) ~[druid-1.1.17.jar:1.1.17]
	at com.alibaba.druid.filter.FilterAdapter.connection_connect(FilterAdapter.java:787) ~[druid-1.1.17.jar:1.1.17]
	at com.alibaba.druid.filter.FilterEventAdapter.connection_connect(FilterEventAdapter.java:38) ~[druid-1.1.17.jar:1.1.17]
	at com.alibaba.druid.filter.FilterChainImpl.connection_connect(FilterChainImpl.java:150) ~[druid-1.1.17.jar:1.1.17]
	at com.alibaba.druid.filter.FilterAdapter.connection_connect(FilterAdapter.java:787) ~[druid-1.1.17.jar:1.1.17]
	at com.alibaba.druid.filter.FilterChainImpl.connection_connect(FilterChainImpl.java:150) ~[druid-1.1.17.jar:1.1.17]
	at com.alibaba.druid.filter.stat.StatFilter.connection_connect(StatFilter.java:218) ~[druid-1.1.17.jar:1.1.17]
	at com.alibaba.druid.filter.FilterChainImpl.connection_connect(FilterChainImpl.java:150) ~[druid-1.1.17.jar:1.1.17]
	at com.alibaba.druid.pool.DruidAbstractDataSource.createPhysicalConnection(DruidAbstractDataSource.java:1598) ~[druid-1.1.17.jar:1.1.17]
	at com.alibaba.druid.pool.DruidAbstractDataSource.createPhysicalConnection(DruidAbstractDataSource.java:1662) ~[druid-1.1.17.jar:1.1.17]
	at com.alibaba.druid.pool.DruidDataSource.init(DruidDataSource.java:932) ~[druid-1.1.17.jar:1.1.17]
	at sun.reflect.NativeMethodAccessorImpl.invoke0(Native Method) ~[?:1.8.0_172]
	at sun.reflect.NativeMethodAccessorImpl.invoke(NativeMethodAccessorImpl.java:62) ~[?:1.8.0_172]
	at sun.reflect.DelegatingMethodAccessorImpl.invoke(DelegatingMethodAccessorImpl.java:43) ~[?:1.8.0_172]
	at java.lang.reflect.Method.invoke(Method.java:498) ~[?:1.8.0_172]
	at org.springframework.beans.factory.support.AbstractAutowireCapableBeanFactory.invokeCustomInitMethod(AbstractAutowireCapableBeanFactory.java:1920) ~[spring-beans-5.2.8.RELEASE.jar:5.2.8.RELEASE]
	at org.springframework.beans.factory.support.AbstractAutowireCapableBeanFactory.invokeInitMethods(AbstractAutowireCapableBeanFactory.java:1862) ~[spring-beans-5.2.8.RELEASE.jar:5.2.8.RELEASE]
	at org.springframework.beans.factory.support.AbstractAutowireCapableBeanFactory.initializeBean(AbstractAutowireCapableBeanFactory.java:1790) ~[spring-beans-5.2.8.RELEASE.jar:5.2.8.RELEASE]
	at org.springframework.beans.factory.support.AbstractAutowireCapableBeanFactory.doCreateBean(AbstractAutowireCapableBeanFactory.java:594) ~[spring-beans-5.2.8.RELEASE.jar:5.2.8.RELEASE]
	at org.springframework.beans.factory.support.AbstractAutowireCapableBeanFactory.createBean(AbstractAutowireCapableBeanFactory.java:516) ~[spring-beans-5.2.8.RELEASE.jar:5.2.8.RELEASE]
	at org.springframework.beans.factory.support.AbstractBeanFactory.lambda$doGetBean$0(AbstractBeanFactory.java:324) ~[spring-beans-5.2.8.RELEASE.jar:5.2.8.RELEASE]
	at org.springframework.beans.factory.support.DefaultSingletonBeanRegistry.getSingleton(DefaultSingletonBeanRegistry.java:226) [spring-beans-5.2.8.RELEASE.jar:5.2.8.RELEASE]
	at org.springframework.beans.factory.support.AbstractBeanFactory.doGetBean(AbstractBeanFactory.java:322) [spring-beans-5.2.8.RELEASE.jar:5.2.8.RELEASE]
	at org.springframework.beans.factory.support.AbstractBeanFactory.getBean(AbstractBeanFactory.java:202) [spring-beans-5.2.8.RELEASE.jar:5.2.8.RELEASE]
	at org.springframework.beans.factory.support.DefaultListableBeanFactory.preInstantiateSingletons(DefaultListableBeanFactory.java:897) [spring-beans-5.2.8.RELEASE.jar:5.2.8.RELEASE]
	at org.springframework.context.support.AbstractApplicationContext.finishBeanFactoryInitialization(AbstractApplicationContext.java:879) [spring-context-5.2.8.RELEASE.jar:5.2.8.RELEASE]
	at org.springframework.context.support.AbstractApplicationContext.refresh(AbstractApplicationContext.java:551) [spring-context-5.2.8.RELEASE.jar:5.2.8.RELEASE]
	at org.springframework.boot.web.servlet.context.ServletWebServerApplicationContext.refresh(ServletWebServerApplicationContext.java:143) [spring-boot-2.3.3.RELEASE.jar:2.3.3.RELEASE]
	at org.springframework.boot.SpringApplication.refresh(SpringApplication.java:758) [spring-boot-2.3.3.RELEASE.jar:2.3.3.RELEASE]
	at org.springframework.boot.SpringApplication.refresh(SpringApplication.java:750) [spring-boot-2.3.3.RELEASE.jar:2.3.3.RELEASE]
	at org.springframework.boot.SpringApplication.refreshContext(SpringApplication.java:397) [spring-boot-2.3.3.RELEASE.jar:2.3.3.RELEASE]
	at org.springframework.boot.SpringApplication.run(SpringApplication.java:315) [spring-boot-2.3.3.RELEASE.jar:2.3.3.RELEASE]
	at org.springframework.boot.SpringApplication.run(SpringApplication.java:1237) [spring-boot-2.3.3.RELEASE.jar:2.3.3.RELEASE]
	at org.springframework.boot.SpringApplication.run(SpringApplication.java:1226) [spring-boot-2.3.3.RELEASE.jar:2.3.3.RELEASE]
	at com.trans.payment.core.CoreApplication.main(CoreApplication.java:9) [classes/:?]
Caused by: com.mysql.cj.exceptions.CJCommunicationsException: Communications link failure

The last packet sent successfully to the server was 0 milliseconds ago. The driver has not received any packets from the server.
	at sun.reflect.NativeConstructorAccessorImpl.newInstance0(Native Method) ~[?:1.8.0_172]
	at sun.reflect.NativeConstructorAccessorImpl.newInstance(NativeConstructorAccessorImpl.java:62) ~[?:1.8.0_172]
	at sun.reflect.DelegatingConstructorAccessorImpl.newInstance(DelegatingConstructorAccessorImpl.java:45) ~[?:1.8.0_172]
	at java.lang.reflect.Constructor.newInstance(Constructor.java:423) ~[?:1.8.0_172]
	at com.mysql.cj.exceptions.ExceptionFactory.createException(ExceptionFactory.java:61) ~[mysql-connector-java-8.0.21.jar:8.0.21]
	at com.mysql.cj.exceptions.ExceptionFactory.createException(ExceptionFactory.java:105) ~[mysql-connector-java-8.0.21.jar:8.0.21]
	at com.mysql.cj.exceptions.ExceptionFactory.createException(ExceptionFactory.java:151) ~[mysql-connector-java-8.0.21.jar:8.0.21]
	at com.mysql.cj.exceptions.ExceptionFactory.createCommunicationsException(ExceptionFactory.java:167) ~[mysql-connector-java-8.0.21.jar:8.0.21]
	at com.mysql.cj.protocol.a.NativeSocketConnection.connect(NativeSocketConnection.java:91) ~[mysql-connector-java-8.0.21.jar:8.0.21]
	at com.mysql.cj.NativeSession.connect(NativeSession.java:144) ~[mysql-connector-java-8.0.21.jar:8.0.21]
	at com.mysql.cj.jdbc.ConnectionImpl.connectWithRetries(ConnectionImpl.java:850) ~[mysql-connector-java-8.0.21.jar:8.0.21]
	... 39 more
Caused by: java.net.ConnectException: Connection timed out: connect
	at java.net.DualStackPlainSocketImpl.connect0(Native Method) ~[?:1.8.0_172]
	at java.net.DualStackPlainSocketImpl.socketConnect(DualStackPlainSocketImpl.java:79) ~[?:1.8.0_172]
	at java.net.AbstractPlainSocketImpl.doConnect(AbstractPlainSocketImpl.java:350) ~[?:1.8.0_172]
	at java.net.AbstractPlainSocketImpl.connectToAddress(AbstractPlainSocketImpl.java:206) ~[?:1.8.0_172]
	at java.net.AbstractPlainSocketImpl.connect(AbstractPlainSocketImpl.java:188) ~[?:1.8.0_172]
	at java.net.PlainSocketImpl.connect(PlainSocketImpl.java:172) ~[?:1.8.0_172]
	at java.net.SocksSocketImpl.connect(SocksSocketImpl.java:392) ~[?:1.8.0_172]
	at java.net.Socket.connect(Socket.java:589) ~[?:1.8.0_172]
	at com.mysql.cj.protocol.StandardSocketFactory.connect(StandardSocketFactory.java:155) ~[mysql-connector-java-8.0.21.jar:8.0.21]
	at com.mysql.cj.protocol.a.NativeSocketConnection.connect(NativeSocketConnection.java:65) ~[mysql-connector-java-8.0.21.jar:8.0.21]
	at com.mysql.cj.NativeSession.connect(NativeSession.java:144) ~[mysql-connector-java-8.0.21.jar:8.0.21]
	at com.mysql.cj.jdbc.ConnectionImpl.connectWithRetries(ConnectionImpl.java:850) ~[mysql-connector-java-8.0.21.jar:8.0.21]
	... 39 more
2021-02-07 20:21:04,385   ERROR com.alibaba.druid.pool.DruidDataSource:978 {dataSource-1} init error
java.sql.SQLNonTransientConnectionException: Could not create connection to database server. Attempted reconnect 3 times. Giving up.
	at com.mysql.cj.jdbc.exceptions.SQLError.createSQLException(SQLError.java:110) ~[mysql-connector-java-8.0.21.jar:8.0.21]
	at com.mysql.cj.jdbc.exceptions.SQLError.createSQLException(SQLError.java:97) ~[mysql-connector-java-8.0.21.jar:8.0.21]
	at com.mysql.cj.jdbc.exceptions.SQLError.createSQLException(SQLError.java:89) ~[mysql-connector-java-8.0.21.jar:8.0.21]
	at com.mysql.cj.jdbc.exceptions.SQLError.createSQLException(SQLError.java:63) ~[mysql-connector-java-8.0.21.jar:8.0.21]
	at com.mysql.cj.jdbc.exceptions.SQLError.createSQLException(SQLError.java:73) ~[mysql-connector-java-8.0.21.jar:8.0.21]
	at com.mysql.cj.jdbc.ConnectionImpl.connectWithRetries(ConnectionImpl.java:906) ~[mysql-connector-java-8.0.21.jar:8.0.21]
	at com.mysql.cj.jdbc.ConnectionImpl.createNewIO(ConnectionImpl.java:831) ~[mysql-connector-java-8.0.21.jar:8.0.21]
	at com.mysql.cj.jdbc.ConnectionImpl.<init>(ConnectionImpl.java:456) ~[mysql-connector-java-8.0.21.jar:8.0.21]
	at com.mysql.cj.jdbc.ConnectionImpl.getInstance(ConnectionImpl.java:246) ~[mysql-connector-java-8.0.21.jar:8.0.21]
	at com.mysql.cj.jdbc.NonRegisteringDriver.connect(NonRegisteringDriver.java:197) ~[mysql-connector-java-8.0.21.jar:8.0.21]
	at com.alibaba.druid.filter.FilterChainImpl.connection_connect(FilterChainImpl.java:156) ~[druid-1.1.17.jar:1.1.17]
	at com.alibaba.druid.filter.FilterAdapter.connection_connect(FilterAdapter.java:787) ~[druid-1.1.17.jar:1.1.17]
	at com.alibaba.druid.filter.FilterEventAdapter.connection_connect(FilterEventAdapter.java:38) ~[druid-1.1.17.jar:1.1.17]
	at com.alibaba.druid.filter.FilterChainImpl.connection_connect(FilterChainImpl.java:150) ~[druid-1.1.17.jar:1.1.17]
	at com.alibaba.druid.filter.FilterAdapter.connection_connect(FilterAdapter.java:787) ~[druid-1.1.17.jar:1.1.17]
	at com.alibaba.druid.filter.FilterChainImpl.connection_connect(FilterChainImpl.java:150) ~[druid-1.1.17.jar:1.1.17]
	at com.alibaba.druid.filter.stat.StatFilter.connection_connect(StatFilter.java:218) ~[druid-1.1.17.jar:1.1.17]
	at com.alibaba.druid.filter.FilterChainImpl.connection_connect(FilterChainImpl.java:150) ~[druid-1.1.17.jar:1.1.17]
	at com.alibaba.druid.pool.DruidAbstractDataSource.createPhysicalConnection(DruidAbstractDataSource.java:1598) ~[druid-1.1.17.jar:1.1.17]
	at com.alibaba.druid.pool.DruidAbstractDataSource.createPhysicalConnection(DruidAbstractDataSource.java:1662) ~[druid-1.1.17.jar:1.1.17]
	at com.alibaba.druid.pool.DruidDataSource.init(DruidDataSource.java:932) ~[druid-1.1.17.jar:1.1.17]
	at sun.reflect.NativeMethodAccessorImpl.invoke0(Native Method) ~[?:1.8.0_172]
	at sun.reflect.NativeMethodAccessorImpl.invoke(NativeMethodAccessorImpl.java:62) ~[?:1.8.0_172]
	at sun.reflect.DelegatingMethodAccessorImpl.invoke(DelegatingMethodAccessorImpl.java:43) ~[?:1.8.0_172]
	at java.lang.reflect.Method.invoke(Method.java:498) ~[?:1.8.0_172]
	at org.springframework.beans.factory.support.AbstractAutowireCapableBeanFactory.invokeCustomInitMethod(AbstractAutowireCapableBeanFactory.java:1920) ~[spring-beans-5.2.8.RELEASE.jar:5.2.8.RELEASE]
	at org.springframework.beans.factory.support.AbstractAutowireCapableBeanFactory.invokeInitMethods(AbstractAutowireCapableBeanFactory.java:1862) ~[spring-beans-5.2.8.RELEASE.jar:5.2.8.RELEASE]
	at org.springframework.beans.factory.support.AbstractAutowireCapableBeanFactory.initializeBean(AbstractAutowireCapableBeanFactory.java:1790) ~[spring-beans-5.2.8.RELEASE.jar:5.2.8.RELEASE]
	at org.springframework.beans.factory.support.AbstractAutowireCapableBeanFactory.doCreateBean(AbstractAutowireCapableBeanFactory.java:594) ~[spring-beans-5.2.8.RELEASE.jar:5.2.8.RELEASE]
	at org.springframework.beans.factory.support.AbstractAutowireCapableBeanFactory.createBean(AbstractAutowireCapableBeanFactory.java:516) ~[spring-beans-5.2.8.RELEASE.jar:5.2.8.RELEASE]
	at org.springframework.beans.factory.support.AbstractBeanFactory.lambda$doGetBean$0(AbstractBeanFactory.java:324) ~[spring-beans-5.2.8.RELEASE.jar:5.2.8.RELEASE]
	at org.springframework.beans.factory.support.DefaultSingletonBeanRegistry.getSingleton(DefaultSingletonBeanRegistry.java:226) [spring-beans-5.2.8.RELEASE.jar:5.2.8.RELEASE]
	at org.springframework.beans.factory.support.AbstractBeanFactory.doGetBean(AbstractBeanFactory.java:322) [spring-beans-5.2.8.RELEASE.jar:5.2.8.RELEASE]
	at org.springframework.beans.factory.support.AbstractBeanFactory.getBean(AbstractBeanFactory.java:202) [spring-beans-5.2.8.RELEASE.jar:5.2.8.RELEASE]
	at org.springframework.beans.factory.support.DefaultListableBeanFactory.preInstantiateSingletons(DefaultListableBeanFactory.java:897) [spring-beans-5.2.8.RELEASE.jar:5.2.8.RELEASE]
	at org.springframework.context.support.AbstractApplicationContext.finishBeanFactoryInitialization(AbstractApplicationContext.java:879) [spring-context-5.2.8.RELEASE.jar:5.2.8.RELEASE]
	at org.springframework.context.support.AbstractApplicationContext.refresh(AbstractApplicationContext.java:551) [spring-context-5.2.8.RELEASE.jar:5.2.8.RELEASE]
	at org.springframework.boot.web.servlet.context.ServletWebServerApplicationContext.refresh(ServletWebServerApplicationContext.java:143) [spring-boot-2.3.3.RELEASE.jar:2.3.3.RELEASE]
	at org.springframework.boot.SpringApplication.refresh(SpringApplication.java:758) [spring-boot-2.3.3.RELEASE.jar:2.3.3.RELEASE]
	at org.springframework.boot.SpringApplication.refresh(SpringApplication.java:750) [spring-boot-2.3.3.RELEASE.jar:2.3.3.RELEASE]
	at org.springframework.boot.SpringApplication.refreshContext(SpringApplication.java:397) [spring-boot-2.3.3.RELEASE.jar:2.3.3.RELEASE]
	at org.springframework.boot.SpringApplication.run(SpringApplication.java:315) [spring-boot-2.3.3.RELEASE.jar:2.3.3.RELEASE]
	at org.springframework.boot.SpringApplication.run(SpringApplication.java:1237) [spring-boot-2.3.3.RELEASE.jar:2.3.3.RELEASE]
	at org.springframework.boot.SpringApplication.run(SpringApplication.java:1226) [spring-boot-2.3.3.RELEASE.jar:2.3.3.RELEASE]
	at com.trans.payment.core.CoreApplication.main(CoreApplication.java:9) [classes/:?]
Caused by: com.mysql.cj.exceptions.CJCommunicationsException: Communications link failure

The last packet sent successfully to the server was 0 milliseconds ago. The driver has not received any packets from the server.
	at sun.reflect.NativeConstructorAccessorImpl.newInstance0(Native Method) ~[?:1.8.0_172]
	at sun.reflect.NativeConstructorAccessorImpl.newInstance(NativeConstructorAccessorImpl.java:62) ~[?:1.8.0_172]
	at sun.reflect.DelegatingConstructorAccessorImpl.newInstance(DelegatingConstructorAccessorImpl.java:45) ~[?:1.8.0_172]
	at java.lang.reflect.Constructor.newInstance(Constructor.java:423) ~[?:1.8.0_172]
	at com.mysql.cj.exceptions.ExceptionFactory.createException(ExceptionFactory.java:61) ~[mysql-connector-java-8.0.21.jar:8.0.21]
	at com.mysql.cj.exceptions.ExceptionFactory.createException(ExceptionFactory.java:105) ~[mysql-connector-java-8.0.21.jar:8.0.21]
	at com.mysql.cj.exceptions.ExceptionFactory.createException(ExceptionFactory.java:151) ~[mysql-connector-java-8.0.21.jar:8.0.21]
	at com.mysql.cj.exceptions.ExceptionFactory.createCommunicationsException(ExceptionFactory.java:167) ~[mysql-connector-java-8.0.21.jar:8.0.21]
	at com.mysql.cj.protocol.a.NativeSocketConnection.connect(NativeSocketConnection.java:91) ~[mysql-connector-java-8.0.21.jar:8.0.21]
	at com.mysql.cj.NativeSession.connect(NativeSession.java:144) ~[mysql-connector-java-8.0.21.jar:8.0.21]
	at com.mysql.cj.jdbc.ConnectionImpl.connectWithRetries(ConnectionImpl.java:850) ~[mysql-connector-java-8.0.21.jar:8.0.21]
	... 39 more
Caused by: java.net.ConnectException: Connection timed out: connect
	at java.net.DualStackPlainSocketImpl.connect0(Native Method) ~[?:1.8.0_172]
	at java.net.DualStackPlainSocketImpl.socketConnect(DualStackPlainSocketImpl.java:79) ~[?:1.8.0_172]
	at java.net.AbstractPlainSocketImpl.doConnect(AbstractPlainSocketImpl.java:350) ~[?:1.8.0_172]
	at java.net.AbstractPlainSocketImpl.connectToAddress(AbstractPlainSocketImpl.java:206) ~[?:1.8.0_172]
	at java.net.AbstractPlainSocketImpl.connect(AbstractPlainSocketImpl.java:188) ~[?:1.8.0_172]
	at java.net.PlainSocketImpl.connect(PlainSocketImpl.java:172) ~[?:1.8.0_172]
	at java.net.SocksSocketImpl.connect(SocksSocketImpl.java:392) ~[?:1.8.0_172]
	at java.net.Socket.connect(Socket.java:589) ~[?:1.8.0_172]
	at com.mysql.cj.protocol.StandardSocketFactory.connect(StandardSocketFactory.java:155) ~[mysql-connector-java-8.0.21.jar:8.0.21]
	at com.mysql.cj.protocol.a.NativeSocketConnection.connect(NativeSocketConnection.java:65) ~[mysql-connector-java-8.0.21.jar:8.0.21]
	at com.mysql.cj.NativeSession.connect(NativeSession.java:144) ~[mysql-connector-java-8.0.21.jar:8.0.21]
	at com.mysql.cj.jdbc.ConnectionImpl.connectWithRetries(ConnectionImpl.java:850) ~[mysql-connector-java-8.0.21.jar:8.0.21]
	... 39 more
2021-02-07 20:21:04,388   INFO com.alibaba.druid.pool.DruidDataSource:1003 {dataSource-1} inited
2021-02-07 20:21:04,392   WARN org.springframework.boot.web.servlet.context.AnnotationConfigServletWebServerApplicationContext:559 Exception encountered during context initialization - cancelling refresh attempt: org.springframework.beans.factory.BeanCreationException: Error creating bean with name 'dataSource' defined in class path resource [com/alibaba/druid/spring/boot/autoconfigure/DruidDataSourceAutoConfigure.class]: Invocation of init method failed; nested exception is java.sql.SQLNonTransientConnectionException: Could not create connection to database server. Attempted reconnect 3 times. Giving up.
2021-02-07 20:21:04,394   INFO org.springframework.scheduling.concurrent.ThreadPoolTaskExecutor:218 Shutting down ExecutorService 'applicationTaskExecutor'
2021-02-07 20:21:04,459   INFO org.springframework.boot.autoconfigure.logging.ConditionEvaluationReportLoggingListener:136 

Error starting ApplicationContext. To display the conditions report re-run your application with 'debug' enabled.
2021-02-07 20:21:04,490   ERROR org.springframework.boot.SpringApplication:837 Application run failed
org.springframework.beans.factory.BeanCreationException: Error creating bean with name 'dataSource' defined in class path resource [com/alibaba/druid/spring/boot/autoconfigure/DruidDataSourceAutoConfigure.class]: Invocation of init method failed; nested exception is java.sql.SQLNonTransientConnectionException: Could not create connection to database server. Attempted reconnect 3 times. Giving up.
	at org.springframework.beans.factory.support.AbstractAutowireCapableBeanFactory.initializeBean(AbstractAutowireCapableBeanFactory.java:1794) ~[spring-beans-5.2.8.RELEASE.jar:5.2.8.RELEASE]
	at org.springframework.beans.factory.support.AbstractAutowireCapableBeanFactory.doCreateBean(AbstractAutowireCapableBeanFactory.java:594) ~[spring-beans-5.2.8.RELEASE.jar:5.2.8.RELEASE]
	at org.springframework.beans.factory.support.AbstractAutowireCapableBeanFactory.createBean(AbstractAutowireCapableBeanFactory.java:516) ~[spring-beans-5.2.8.RELEASE.jar:5.2.8.RELEASE]
	at org.springframework.beans.factory.support.AbstractBeanFactory.lambda$doGetBean$0(AbstractBeanFactory.java:324) ~[spring-beans-5.2.8.RELEASE.jar:5.2.8.RELEASE]
	at org.springframework.beans.factory.support.DefaultSingletonBeanRegistry.getSingleton(DefaultSingletonBeanRegistry.java:226) ~[spring-beans-5.2.8.RELEASE.jar:5.2.8.RELEASE]
	at org.springframework.beans.factory.support.AbstractBeanFactory.doGetBean(AbstractBeanFactory.java:322) ~[spring-beans-5.2.8.RELEASE.jar:5.2.8.RELEASE]
	at org.springframework.beans.factory.support.AbstractBeanFactory.getBean(AbstractBeanFactory.java:202) ~[spring-beans-5.2.8.RELEASE.jar:5.2.8.RELEASE]
	at org.springframework.beans.factory.support.DefaultListableBeanFactory.preInstantiateSingletons(DefaultListableBeanFactory.java:897) ~[spring-beans-5.2.8.RELEASE.jar:5.2.8.RELEASE]
	at org.springframework.context.support.AbstractApplicationContext.finishBeanFactoryInitialization(AbstractApplicationContext.java:879) ~[spring-context-5.2.8.RELEASE.jar:5.2.8.RELEASE]
	at org.springframework.context.support.AbstractApplicationContext.refresh(AbstractApplicationContext.java:551) ~[spring-context-5.2.8.RELEASE.jar:5.2.8.RELEASE]
	at org.springframework.boot.web.servlet.context.ServletWebServerApplicationContext.refresh(ServletWebServerApplicationContext.java:143) ~[spring-boot-2.3.3.RELEASE.jar:2.3.3.RELEASE]
	at org.springframework.boot.SpringApplication.refresh(SpringApplication.java:758) ~[spring-boot-2.3.3.RELEASE.jar:2.3.3.RELEASE]
	at org.springframework.boot.SpringApplication.refresh(SpringApplication.java:750) [spring-boot-2.3.3.RELEASE.jar:2.3.3.RELEASE]
	at org.springframework.boot.SpringApplication.refreshContext(SpringApplication.java:397) [spring-boot-2.3.3.RELEASE.jar:2.3.3.RELEASE]
	at org.springframework.boot.SpringApplication.run(SpringApplication.java:315) [spring-boot-2.3.3.RELEASE.jar:2.3.3.RELEASE]
	at org.springframework.boot.SpringApplication.run(SpringApplication.java:1237) [spring-boot-2.3.3.RELEASE.jar:2.3.3.RELEASE]
	at org.springframework.boot.SpringApplication.run(SpringApplication.java:1226) [spring-boot-2.3.3.RELEASE.jar:2.3.3.RELEASE]
	at com.trans.payment.core.CoreApplication.main(CoreApplication.java:9) [classes/:?]
Caused by: java.sql.SQLNonTransientConnectionException: Could not create connection to database server. Attempted reconnect 3 times. Giving up.
	at com.mysql.cj.jdbc.exceptions.SQLError.createSQLException(SQLError.java:110) ~[mysql-connector-java-8.0.21.jar:8.0.21]
	at com.mysql.cj.jdbc.exceptions.SQLError.createSQLException(SQLError.java:97) ~[mysql-connector-java-8.0.21.jar:8.0.21]
	at com.mysql.cj.jdbc.exceptions.SQLError.createSQLException(SQLError.java:89) ~[mysql-connector-java-8.0.21.jar:8.0.21]
	at com.mysql.cj.jdbc.exceptions.SQLError.createSQLException(SQLError.java:63) ~[mysql-connector-java-8.0.21.jar:8.0.21]
	at com.mysql.cj.jdbc.exceptions.SQLError.createSQLException(SQLError.java:73) ~[mysql-connector-java-8.0.21.jar:8.0.21]
	at com.mysql.cj.jdbc.ConnectionImpl.connectWithRetries(ConnectionImpl.java:906) ~[mysql-connector-java-8.0.21.jar:8.0.21]
	at com.mysql.cj.jdbc.ConnectionImpl.createNewIO(ConnectionImpl.java:831) ~[mysql-connector-java-8.0.21.jar:8.0.21]
	at com.mysql.cj.jdbc.ConnectionImpl.<init>(ConnectionImpl.java:456) ~[mysql-connector-java-8.0.21.jar:8.0.21]
	at com.mysql.cj.jdbc.ConnectionImpl.getInstance(ConnectionImpl.java:246) ~[mysql-connector-java-8.0.21.jar:8.0.21]
	at com.mysql.cj.jdbc.NonRegisteringDriver.connect(NonRegisteringDriver.java:197) ~[mysql-connector-java-8.0.21.jar:8.0.21]
	at com.alibaba.druid.filter.FilterChainImpl.connection_connect(FilterChainImpl.java:156) ~[druid-1.1.17.jar:1.1.17]
	at com.alibaba.druid.filter.FilterAdapter.connection_connect(FilterAdapter.java:787) ~[druid-1.1.17.jar:1.1.17]
	at com.alibaba.druid.filter.FilterEventAdapter.connection_connect(FilterEventAdapter.java:38) ~[druid-1.1.17.jar:1.1.17]
	at com.alibaba.druid.filter.FilterChainImpl.connection_connect(FilterChainImpl.java:150) ~[druid-1.1.17.jar:1.1.17]
	at com.alibaba.druid.filter.FilterAdapter.connection_connect(FilterAdapter.java:787) ~[druid-1.1.17.jar:1.1.17]
	at com.alibaba.druid.filter.FilterChainImpl.connection_connect(FilterChainImpl.java:150) ~[druid-1.1.17.jar:1.1.17]
	at com.alibaba.druid.filter.stat.StatFilter.connection_connect(StatFilter.java:218) ~[druid-1.1.17.jar:1.1.17]
	at com.alibaba.druid.filter.FilterChainImpl.connection_connect(FilterChainImpl.java:150) ~[druid-1.1.17.jar:1.1.17]
	at com.alibaba.druid.pool.DruidAbstractDataSource.createPhysicalConnection(DruidAbstractDataSource.java:1598) ~[druid-1.1.17.jar:1.1.17]
	at com.alibaba.druid.pool.DruidAbstractDataSource.createPhysicalConnection(DruidAbstractDataSource.java:1662) ~[druid-1.1.17.jar:1.1.17]
	at com.alibaba.druid.pool.DruidDataSource.init(DruidDataSource.java:932) ~[druid-1.1.17.jar:1.1.17]
	at sun.reflect.NativeMethodAccessorImpl.invoke0(Native Method) ~[?:1.8.0_172]
	at sun.reflect.NativeMethodAccessorImpl.invoke(NativeMethodAccessorImpl.java:62) ~[?:1.8.0_172]
	at sun.reflect.DelegatingMethodAccessorImpl.invoke(DelegatingMethodAccessorImpl.java:43) ~[?:1.8.0_172]
	at java.lang.reflect.Method.invoke(Method.java:498) ~[?:1.8.0_172]
	at org.springframework.beans.factory.support.AbstractAutowireCapableBeanFactory.invokeCustomInitMethod(AbstractAutowireCapableBeanFactory.java:1920) ~[spring-beans-5.2.8.RELEASE.jar:5.2.8.RELEASE]
	at org.springframework.beans.factory.support.AbstractAutowireCapableBeanFactory.invokeInitMethods(AbstractAutowireCapableBeanFactory.java:1862) ~[spring-beans-5.2.8.RELEASE.jar:5.2.8.RELEASE]
	at org.springframework.beans.factory.support.AbstractAutowireCapableBeanFactory.initializeBean(AbstractAutowireCapableBeanFactory.java:1790) ~[spring-beans-5.2.8.RELEASE.jar:5.2.8.RELEASE]
	... 17 more
Caused by: com.mysql.cj.exceptions.CJCommunicationsException: Communications link failure

The last packet sent successfully to the server was 0 milliseconds ago. The driver has not received any packets from the server.
	at sun.reflect.NativeConstructorAccessorImpl.newInstance0(Native Method) ~[?:1.8.0_172]
	at sun.reflect.NativeConstructorAccessorImpl.newInstance(NativeConstructorAccessorImpl.java:62) ~[?:1.8.0_172]
	at sun.reflect.DelegatingConstructorAccessorImpl.newInstance(DelegatingConstructorAccessorImpl.java:45) ~[?:1.8.0_172]
	at java.lang.reflect.Constructor.newInstance(Constructor.java:423) ~[?:1.8.0_172]
	at com.mysql.cj.exceptions.ExceptionFactory.createException(ExceptionFactory.java:61) ~[mysql-connector-java-8.0.21.jar:8.0.21]
	at com.mysql.cj.exceptions.ExceptionFactory.createException(ExceptionFactory.java:105) ~[mysql-connector-java-8.0.21.jar:8.0.21]
	at com.mysql.cj.exceptions.ExceptionFactory.createException(ExceptionFactory.java:151) ~[mysql-connector-java-8.0.21.jar:8.0.21]
	at com.mysql.cj.exceptions.ExceptionFactory.createCommunicationsException(ExceptionFactory.java:167) ~[mysql-connector-java-8.0.21.jar:8.0.21]
	at com.mysql.cj.protocol.a.NativeSocketConnection.connect(NativeSocketConnection.java:91) ~[mysql-connector-java-8.0.21.jar:8.0.21]
	at com.mysql.cj.NativeSession.connect(NativeSession.java:144) ~[mysql-connector-java-8.0.21.jar:8.0.21]
	at com.mysql.cj.jdbc.ConnectionImpl.connectWithRetries(ConnectionImpl.java:850) ~[mysql-connector-java-8.0.21.jar:8.0.21]
	at com.mysql.cj.jdbc.ConnectionImpl.createNewIO(ConnectionImpl.java:831) ~[mysql-connector-java-8.0.21.jar:8.0.21]
	at com.mysql.cj.jdbc.ConnectionImpl.<init>(ConnectionImpl.java:456) ~[mysql-connector-java-8.0.21.jar:8.0.21]
	at com.mysql.cj.jdbc.ConnectionImpl.getInstance(ConnectionImpl.java:246) ~[mysql-connector-java-8.0.21.jar:8.0.21]
	at com.mysql.cj.jdbc.NonRegisteringDriver.connect(NonRegisteringDriver.java:197) ~[mysql-connector-java-8.0.21.jar:8.0.21]
	at com.alibaba.druid.filter.FilterChainImpl.connection_connect(FilterChainImpl.java:156) ~[druid-1.1.17.jar:1.1.17]
	at com.alibaba.druid.filter.FilterAdapter.connection_connect(FilterAdapter.java:787) ~[druid-1.1.17.jar:1.1.17]
	at com.alibaba.druid.filter.FilterEventAdapter.connection_connect(FilterEventAdapter.java:38) ~[druid-1.1.17.jar:1.1.17]
	at com.alibaba.druid.filter.FilterChainImpl.connection_connect(FilterChainImpl.java:150) ~[druid-1.1.17.jar:1.1.17]
	at com.alibaba.druid.filter.FilterAdapter.connection_connect(FilterAdapter.java:787) ~[druid-1.1.17.jar:1.1.17]
	at com.alibaba.druid.filter.FilterChainImpl.connection_connect(FilterChainImpl.java:150) ~[druid-1.1.17.jar:1.1.17]
	at com.alibaba.druid.filter.stat.StatFilter.connection_connect(StatFilter.java:218) ~[druid-1.1.17.jar:1.1.17]
	at com.alibaba.druid.filter.FilterChainImpl.connection_connect(FilterChainImpl.java:150) ~[druid-1.1.17.jar:1.1.17]
	at com.alibaba.druid.pool.DruidAbstractDataSource.createPhysicalConnection(DruidAbstractDataSource.java:1598) ~[druid-1.1.17.jar:1.1.17]
	at com.alibaba.druid.pool.DruidAbstractDataSource.createPhysicalConnection(DruidAbstractDataSource.java:1662) ~[druid-1.1.17.jar:1.1.17]
	at com.alibaba.druid.pool.DruidDataSource.init(DruidDataSource.java:932) ~[druid-1.1.17.jar:1.1.17]
	at sun.reflect.NativeMethodAccessorImpl.invoke0(Native Method) ~[?:1.8.0_172]
	at sun.reflect.NativeMethodAccessorImpl.invoke(NativeMethodAccessorImpl.java:62) ~[?:1.8.0_172]
	at sun.reflect.DelegatingMethodAccessorImpl.invoke(DelegatingMethodAccessorImpl.java:43) ~[?:1.8.0_172]
	at java.lang.reflect.Method.invoke(Method.java:498) ~[?:1.8.0_172]
	at org.springframework.beans.factory.support.AbstractAutowireCapableBeanFactory.invokeCustomInitMethod(AbstractAutowireCapableBeanFactory.java:1920) ~[spring-beans-5.2.8.RELEASE.jar:5.2.8.RELEASE]
	at org.springframework.beans.factory.support.AbstractAutowireCapableBeanFactory.invokeInitMethods(AbstractAutowireCapableBeanFactory.java:1862) ~[spring-beans-5.2.8.RELEASE.jar:5.2.8.RELEASE]
	at org.springframework.beans.factory.support.AbstractAutowireCapableBeanFactory.initializeBean(AbstractAutowireCapableBeanFactory.java:1790) ~[spring-beans-5.2.8.RELEASE.jar:5.2.8.RELEASE]
	... 17 more
Caused by: java.net.ConnectException: Connection timed out: connect
	at java.net.DualStackPlainSocketImpl.connect0(Native Method) ~[?:1.8.0_172]
	at java.net.DualStackPlainSocketImpl.socketConnect(DualStackPlainSocketImpl.java:79) ~[?:1.8.0_172]
	at java.net.AbstractPlainSocketImpl.doConnect(AbstractPlainSocketImpl.java:350) ~[?:1.8.0_172]
	at java.net.AbstractPlainSocketImpl.connectToAddress(AbstractPlainSocketImpl.java:206) ~[?:1.8.0_172]
	at java.net.AbstractPlainSocketImpl.connect(AbstractPlainSocketImpl.java:188) ~[?:1.8.0_172]
	at java.net.PlainSocketImpl.connect(PlainSocketImpl.java:172) ~[?:1.8.0_172]
	at java.net.SocksSocketImpl.connect(SocksSocketImpl.java:392) ~[?:1.8.0_172]
	at java.net.Socket.connect(Socket.java:589) ~[?:1.8.0_172]
	at com.mysql.cj.protocol.StandardSocketFactory.connect(StandardSocketFactory.java:155) ~[mysql-connector-java-8.0.21.jar:8.0.21]
	at com.mysql.cj.protocol.a.NativeSocketConnection.connect(NativeSocketConnection.java:65) ~[mysql-connector-java-8.0.21.jar:8.0.21]
	at com.mysql.cj.NativeSession.connect(NativeSession.java:144) ~[mysql-connector-java-8.0.21.jar:8.0.21]
	at com.mysql.cj.jdbc.ConnectionImpl.connectWithRetries(ConnectionImpl.java:850) ~[mysql-connector-java-8.0.21.jar:8.0.21]
	at com.mysql.cj.jdbc.ConnectionImpl.createNewIO(ConnectionImpl.java:831) ~[mysql-connector-java-8.0.21.jar:8.0.21]
	at com.mysql.cj.jdbc.ConnectionImpl.<init>(ConnectionImpl.java:456) ~[mysql-connector-java-8.0.21.jar:8.0.21]
	at com.mysql.cj.jdbc.ConnectionImpl.getInstance(ConnectionImpl.java:246) ~[mysql-connector-java-8.0.21.jar:8.0.21]
	at com.mysql.cj.jdbc.NonRegisteringDriver.connect(NonRegisteringDriver.java:197) ~[mysql-connector-java-8.0.21.jar:8.0.21]
	at com.alibaba.druid.filter.FilterChainImpl.connection_connect(FilterChainImpl.java:156) ~[druid-1.1.17.jar:1.1.17]
	at com.alibaba.druid.filter.FilterAdapter.connection_connect(FilterAdapter.java:787) ~[druid-1.1.17.jar:1.1.17]
	at com.alibaba.druid.filter.FilterEventAdapter.connection_connect(FilterEventAdapter.java:38) ~[druid-1.1.17.jar:1.1.17]
	at com.alibaba.druid.filter.FilterChainImpl.connection_connect(FilterChainImpl.java:150) ~[druid-1.1.17.jar:1.1.17]
	at com.alibaba.druid.filter.FilterAdapter.connection_connect(FilterAdapter.java:787) ~[druid-1.1.17.jar:1.1.17]
	at com.alibaba.druid.filter.FilterChainImpl.connection_connect(FilterChainImpl.java:150) ~[druid-1.1.17.jar:1.1.17]
	at com.alibaba.druid.filter.stat.StatFilter.connection_connect(StatFilter.java:218) ~[druid-1.1.17.jar:1.1.17]
	at com.alibaba.druid.filter.FilterChainImpl.connection_connect(FilterChainImpl.java:150) ~[druid-1.1.17.jar:1.1.17]
	at com.alibaba.druid.pool.DruidAbstractDataSource.createPhysicalConnection(DruidAbstractDataSource.java:1598) ~[druid-1.1.17.jar:1.1.17]
	at com.alibaba.druid.pool.DruidAbstractDataSource.createPhysicalConnection(DruidAbstractDataSource.java:1662) ~[druid-1.1.17.jar:1.1.17]
	at com.alibaba.druid.pool.DruidDataSource.init(DruidDataSource.java:932) ~[druid-1.1.17.jar:1.1.17]
	at sun.reflect.NativeMethodAccessorImpl.invoke0(Native Method) ~[?:1.8.0_172]
	at sun.reflect.NativeMethodAccessorImpl.invoke(NativeMethodAccessorImpl.java:62) ~[?:1.8.0_172]
	at sun.reflect.DelegatingMethodAccessorImpl.invoke(DelegatingMethodAccessorImpl.java:43) ~[?:1.8.0_172]
	at java.lang.reflect.Method.invoke(Method.java:498) ~[?:1.8.0_172]
	at org.springframework.beans.factory.support.AbstractAutowireCapableBeanFactory.invokeCustomInitMethod(AbstractAutowireCapableBeanFactory.java:1920) ~[spring-beans-5.2.8.RELEASE.jar:5.2.8.RELEASE]
	at org.springframework.beans.factory.support.AbstractAutowireCapableBeanFactory.invokeInitMethods(AbstractAutowireCapableBeanFactory.java:1862) ~[spring-beans-5.2.8.RELEASE.jar:5.2.8.RELEASE]
	at org.springframework.beans.factory.support.AbstractAutowireCapableBeanFactory.initializeBean(AbstractAutowireCapableBeanFactory.java:1790) ~[spring-beans-5.2.8.RELEASE.jar:5.2.8.RELEASE]
	... 17 more
2021-02-07 20:23:48,617   DEBUG org.jboss.logging:152 Logging Provider: org.jboss.logging.Log4j2LoggerProvider
2021-02-07 20:23:48,632   INFO org.hibernate.validator.internal.util.Version:17 HV000001: Hibernate Validator 5.2.0.Final
2021-02-07 20:23:48,718   INFO com.trans.payment.core.CoreApplication:55 Starting CoreApplication on DESKTOP-4F7LLMT with PID 11092 (D:\workSpace\trans\trans-core\target\classes started by hupengxiang in D:\workSpace\trans)
2021-02-07 20:23:48,725   DEBUG com.trans.payment.core.CoreApplication:56 Running with Spring Boot v2.3.3.RELEASE, Spring v5.2.8.RELEASE
2021-02-07 20:23:48,726   INFO com.trans.payment.core.CoreApplication:651 No active profile set, falling back to default profiles: default
2021-02-07 20:23:49,989   DEBUG tk.mybatis.mapper.autoconfigure.MapperAutoConfiguration:203 Searching for mappers annotated with @Mapper
2021-02-07 20:23:50,052   DEBUG tk.mybatis.mapper.autoconfigure.MapperAutoConfiguration:214 Using auto-configuration base package 'com.trans.payment.core'
2021-02-07 20:23:50,057   WARN tk.mybatis.spring.mapper.ClassPathMapperScanner:146 No MyBatis mapper was found in '[com.trans.payment.core]' package. Please check your configuration.
2021-02-07 20:23:50,069   WARN org.mybatis.spring.mapper.ClassPathMapperScanner:166 No MyBatis mapper was found in '[com.trans.payment.core]' package. Please check your configuration.
2021-02-07 20:23:51,047   WARN io.undertow.websockets.jsr:68 UT026010: Buffer pool was not set on WebSocketDeploymentInfo, the default pool will be used
2021-02-07 20:23:51,084   DEBUG io.undertow.session:384 Setting default session timeout to 1800
2021-02-07 20:23:51,106   INFO io.undertow.servlet:364 Initializing Spring embedded WebApplicationContext
2021-02-07 20:23:51,107   INFO org.springframework.boot.web.servlet.context.ServletWebServerApplicationContext:285 Root WebApplicationContext: initialization completed in 2292 ms
2021-02-07 20:23:51,242   DEBUG io.micrometer.core.util.internal.logging.InternalLoggerFactory:61 Using SLF4J as the default logging framework
2021-02-07 20:23:51,613   DEBUG io.undertow.session:245 Registered session listener io.undertow.servlet.core.SessionListenerBridge@934b52f
2021-02-07 20:23:51,681   DEBUG io.undertow.session:384 Setting default session timeout to 1800
2021-02-07 20:23:51,992   INFO org.springframework.scheduling.concurrent.ThreadPoolTaskExecutor:181 Initializing ExecutorService 'applicationTaskExecutor'
2021-02-07 20:23:52,461   INFO com.alibaba.druid.spring.boot.autoconfigure.DruidDataSourceAutoConfigure:56 Init DruidDataSource
2021-02-07 20:24:02,877   ERROR com.alibaba.druid.pool.DruidDataSource:936 init datasource error, url: jdbc:mysql://39.97.101.65:3306/mysql?useUnicode=true&characterEncoding=utf-8&useSSL=false&serverTimezone=GMT&autoReconnect=true&failOverReadOnly=false&zeroDateTimeBehavior=convertToNull
java.sql.SQLNonTransientConnectionException: Could not create connection to database server. Attempted reconnect 3 times. Giving up.
	at com.mysql.cj.jdbc.exceptions.SQLError.createSQLException(SQLError.java:110) ~[mysql-connector-java-8.0.21.jar:8.0.21]
	at com.mysql.cj.jdbc.exceptions.SQLError.createSQLException(SQLError.java:97) ~[mysql-connector-java-8.0.21.jar:8.0.21]
	at com.mysql.cj.jdbc.exceptions.SQLError.createSQLException(SQLError.java:89) ~[mysql-connector-java-8.0.21.jar:8.0.21]
	at com.mysql.cj.jdbc.exceptions.SQLError.createSQLException(SQLError.java:63) ~[mysql-connector-java-8.0.21.jar:8.0.21]
	at com.mysql.cj.jdbc.exceptions.SQLError.createSQLException(SQLError.java:73) ~[mysql-connector-java-8.0.21.jar:8.0.21]
	at com.mysql.cj.jdbc.ConnectionImpl.connectWithRetries(ConnectionImpl.java:906) ~[mysql-connector-java-8.0.21.jar:8.0.21]
	at com.mysql.cj.jdbc.ConnectionImpl.createNewIO(ConnectionImpl.java:831) ~[mysql-connector-java-8.0.21.jar:8.0.21]
	at com.mysql.cj.jdbc.ConnectionImpl.<init>(ConnectionImpl.java:456) ~[mysql-connector-java-8.0.21.jar:8.0.21]
	at com.mysql.cj.jdbc.ConnectionImpl.getInstance(ConnectionImpl.java:246) ~[mysql-connector-java-8.0.21.jar:8.0.21]
	at com.mysql.cj.jdbc.NonRegisteringDriver.connect(NonRegisteringDriver.java:197) ~[mysql-connector-java-8.0.21.jar:8.0.21]
	at com.alibaba.druid.filter.FilterChainImpl.connection_connect(FilterChainImpl.java:156) ~[druid-1.1.17.jar:1.1.17]
	at com.alibaba.druid.filter.FilterAdapter.connection_connect(FilterAdapter.java:787) ~[druid-1.1.17.jar:1.1.17]
	at com.alibaba.druid.filter.FilterEventAdapter.connection_connect(FilterEventAdapter.java:38) ~[druid-1.1.17.jar:1.1.17]
	at com.alibaba.druid.filter.FilterChainImpl.connection_connect(FilterChainImpl.java:150) ~[druid-1.1.17.jar:1.1.17]
	at com.alibaba.druid.filter.FilterAdapter.connection_connect(FilterAdapter.java:787) ~[druid-1.1.17.jar:1.1.17]
	at com.alibaba.druid.filter.FilterChainImpl.connection_connect(FilterChainImpl.java:150) ~[druid-1.1.17.jar:1.1.17]
	at com.alibaba.druid.filter.stat.StatFilter.connection_connect(StatFilter.java:218) ~[druid-1.1.17.jar:1.1.17]
	at com.alibaba.druid.filter.FilterChainImpl.connection_connect(FilterChainImpl.java:150) ~[druid-1.1.17.jar:1.1.17]
	at com.alibaba.druid.pool.DruidAbstractDataSource.createPhysicalConnection(DruidAbstractDataSource.java:1598) ~[druid-1.1.17.jar:1.1.17]
	at com.alibaba.druid.pool.DruidAbstractDataSource.createPhysicalConnection(DruidAbstractDataSource.java:1662) ~[druid-1.1.17.jar:1.1.17]
	at com.alibaba.druid.pool.DruidDataSource.init(DruidDataSource.java:932) ~[druid-1.1.17.jar:1.1.17]
	at sun.reflect.NativeMethodAccessorImpl.invoke0(Native Method) ~[?:1.8.0_172]
	at sun.reflect.NativeMethodAccessorImpl.invoke(NativeMethodAccessorImpl.java:62) ~[?:1.8.0_172]
	at sun.reflect.DelegatingMethodAccessorImpl.invoke(DelegatingMethodAccessorImpl.java:43) ~[?:1.8.0_172]
	at java.lang.reflect.Method.invoke(Method.java:498) ~[?:1.8.0_172]
	at org.springframework.beans.factory.support.AbstractAutowireCapableBeanFactory.invokeCustomInitMethod(AbstractAutowireCapableBeanFactory.java:1920) ~[spring-beans-5.2.8.RELEASE.jar:5.2.8.RELEASE]
	at org.springframework.beans.factory.support.AbstractAutowireCapableBeanFactory.invokeInitMethods(AbstractAutowireCapableBeanFactory.java:1862) ~[spring-beans-5.2.8.RELEASE.jar:5.2.8.RELEASE]
	at org.springframework.beans.factory.support.AbstractAutowireCapableBeanFactory.initializeBean(AbstractAutowireCapableBeanFactory.java:1790) ~[spring-beans-5.2.8.RELEASE.jar:5.2.8.RELEASE]
	at org.springframework.beans.factory.support.AbstractAutowireCapableBeanFactory.doCreateBean(AbstractAutowireCapableBeanFactory.java:594) ~[spring-beans-5.2.8.RELEASE.jar:5.2.8.RELEASE]
	at org.springframework.beans.factory.support.AbstractAutowireCapableBeanFactory.createBean(AbstractAutowireCapableBeanFactory.java:516) ~[spring-beans-5.2.8.RELEASE.jar:5.2.8.RELEASE]
	at org.springframework.beans.factory.support.AbstractBeanFactory.lambda$doGetBean$0(AbstractBeanFactory.java:324) ~[spring-beans-5.2.8.RELEASE.jar:5.2.8.RELEASE]
	at org.springframework.beans.factory.support.DefaultSingletonBeanRegistry.getSingleton(DefaultSingletonBeanRegistry.java:226) [spring-beans-5.2.8.RELEASE.jar:5.2.8.RELEASE]
	at org.springframework.beans.factory.support.AbstractBeanFactory.doGetBean(AbstractBeanFactory.java:322) [spring-beans-5.2.8.RELEASE.jar:5.2.8.RELEASE]
	at org.springframework.beans.factory.support.AbstractBeanFactory.getBean(AbstractBeanFactory.java:202) [spring-beans-5.2.8.RELEASE.jar:5.2.8.RELEASE]
	at org.springframework.beans.factory.support.DefaultListableBeanFactory.preInstantiateSingletons(DefaultListableBeanFactory.java:897) [spring-beans-5.2.8.RELEASE.jar:5.2.8.RELEASE]
	at org.springframework.context.support.AbstractApplicationContext.finishBeanFactoryInitialization(AbstractApplicationContext.java:879) [spring-context-5.2.8.RELEASE.jar:5.2.8.RELEASE]
	at org.springframework.context.support.AbstractApplicationContext.refresh(AbstractApplicationContext.java:551) [spring-context-5.2.8.RELEASE.jar:5.2.8.RELEASE]
	at org.springframework.boot.web.servlet.context.ServletWebServerApplicationContext.refresh(ServletWebServerApplicationContext.java:143) [spring-boot-2.3.3.RELEASE.jar:2.3.3.RELEASE]
	at org.springframework.boot.SpringApplication.refresh(SpringApplication.java:758) [spring-boot-2.3.3.RELEASE.jar:2.3.3.RELEASE]
	at org.springframework.boot.SpringApplication.refresh(SpringApplication.java:750) [spring-boot-2.3.3.RELEASE.jar:2.3.3.RELEASE]
	at org.springframework.boot.SpringApplication.refreshContext(SpringApplication.java:397) [spring-boot-2.3.3.RELEASE.jar:2.3.3.RELEASE]
	at org.springframework.boot.SpringApplication.run(SpringApplication.java:315) [spring-boot-2.3.3.RELEASE.jar:2.3.3.RELEASE]
	at org.springframework.boot.SpringApplication.run(SpringApplication.java:1237) [spring-boot-2.3.3.RELEASE.jar:2.3.3.RELEASE]
	at org.springframework.boot.SpringApplication.run(SpringApplication.java:1226) [spring-boot-2.3.3.RELEASE.jar:2.3.3.RELEASE]
	at com.trans.payment.core.CoreApplication.main(CoreApplication.java:9) [classes/:?]
Caused by: com.mysql.cj.exceptions.CJCommunicationsException: Communications link failure

The last packet sent successfully to the server was 0 milliseconds ago. The driver has not received any packets from the server.
	at sun.reflect.NativeConstructorAccessorImpl.newInstance0(Native Method) ~[?:1.8.0_172]
	at sun.reflect.NativeConstructorAccessorImpl.newInstance(NativeConstructorAccessorImpl.java:62) ~[?:1.8.0_172]
	at sun.reflect.DelegatingConstructorAccessorImpl.newInstance(DelegatingConstructorAccessorImpl.java:45) ~[?:1.8.0_172]
	at java.lang.reflect.Constructor.newInstance(Constructor.java:423) ~[?:1.8.0_172]
	at com.mysql.cj.exceptions.ExceptionFactory.createException(ExceptionFactory.java:61) ~[mysql-connector-java-8.0.21.jar:8.0.21]
	at com.mysql.cj.exceptions.ExceptionFactory.createException(ExceptionFactory.java:105) ~[mysql-connector-java-8.0.21.jar:8.0.21]
	at com.mysql.cj.exceptions.ExceptionFactory.createException(ExceptionFactory.java:151) ~[mysql-connector-java-8.0.21.jar:8.0.21]
	at com.mysql.cj.exceptions.ExceptionFactory.createCommunicationsException(ExceptionFactory.java:167) ~[mysql-connector-java-8.0.21.jar:8.0.21]
	at com.mysql.cj.protocol.a.NativeSocketConnection.connect(NativeSocketConnection.java:91) ~[mysql-connector-java-8.0.21.jar:8.0.21]
	at com.mysql.cj.NativeSession.connect(NativeSession.java:144) ~[mysql-connector-java-8.0.21.jar:8.0.21]
	at com.mysql.cj.jdbc.ConnectionImpl.connectWithRetries(ConnectionImpl.java:850) ~[mysql-connector-java-8.0.21.jar:8.0.21]
	... 39 more
Caused by: java.net.ConnectException: Connection refused: connect
	at java.net.DualStackPlainSocketImpl.connect0(Native Method) ~[?:1.8.0_172]
	at java.net.DualStackPlainSocketImpl.socketConnect(DualStackPlainSocketImpl.java:79) ~[?:1.8.0_172]
	at java.net.AbstractPlainSocketImpl.doConnect(AbstractPlainSocketImpl.java:350) ~[?:1.8.0_172]
	at java.net.AbstractPlainSocketImpl.connectToAddress(AbstractPlainSocketImpl.java:206) ~[?:1.8.0_172]
	at java.net.AbstractPlainSocketImpl.connect(AbstractPlainSocketImpl.java:188) ~[?:1.8.0_172]
	at java.net.PlainSocketImpl.connect(PlainSocketImpl.java:172) ~[?:1.8.0_172]
	at java.net.SocksSocketImpl.connect(SocksSocketImpl.java:392) ~[?:1.8.0_172]
	at java.net.Socket.connect(Socket.java:589) ~[?:1.8.0_172]
	at com.mysql.cj.protocol.StandardSocketFactory.connect(StandardSocketFactory.java:155) ~[mysql-connector-java-8.0.21.jar:8.0.21]
	at com.mysql.cj.protocol.a.NativeSocketConnection.connect(NativeSocketConnection.java:65) ~[mysql-connector-java-8.0.21.jar:8.0.21]
	at com.mysql.cj.NativeSession.connect(NativeSession.java:144) ~[mysql-connector-java-8.0.21.jar:8.0.21]
	at com.mysql.cj.jdbc.ConnectionImpl.connectWithRetries(ConnectionImpl.java:850) ~[mysql-connector-java-8.0.21.jar:8.0.21]
	... 39 more
2021-02-07 20:24:02,894   ERROR com.alibaba.druid.pool.DruidDataSource:978 {dataSource-1} init error
java.sql.SQLNonTransientConnectionException: Could not create connection to database server. Attempted reconnect 3 times. Giving up.
	at com.mysql.cj.jdbc.exceptions.SQLError.createSQLException(SQLError.java:110) ~[mysql-connector-java-8.0.21.jar:8.0.21]
	at com.mysql.cj.jdbc.exceptions.SQLError.createSQLException(SQLError.java:97) ~[mysql-connector-java-8.0.21.jar:8.0.21]
	at com.mysql.cj.jdbc.exceptions.SQLError.createSQLException(SQLError.java:89) ~[mysql-connector-java-8.0.21.jar:8.0.21]
	at com.mysql.cj.jdbc.exceptions.SQLError.createSQLException(SQLError.java:63) ~[mysql-connector-java-8.0.21.jar:8.0.21]
	at com.mysql.cj.jdbc.exceptions.SQLError.createSQLException(SQLError.java:73) ~[mysql-connector-java-8.0.21.jar:8.0.21]
	at com.mysql.cj.jdbc.ConnectionImpl.connectWithRetries(ConnectionImpl.java:906) ~[mysql-connector-java-8.0.21.jar:8.0.21]
	at com.mysql.cj.jdbc.ConnectionImpl.createNewIO(ConnectionImpl.java:831) ~[mysql-connector-java-8.0.21.jar:8.0.21]
	at com.mysql.cj.jdbc.ConnectionImpl.<init>(ConnectionImpl.java:456) ~[mysql-connector-java-8.0.21.jar:8.0.21]
	at com.mysql.cj.jdbc.ConnectionImpl.getInstance(ConnectionImpl.java:246) ~[mysql-connector-java-8.0.21.jar:8.0.21]
	at com.mysql.cj.jdbc.NonRegisteringDriver.connect(NonRegisteringDriver.java:197) ~[mysql-connector-java-8.0.21.jar:8.0.21]
	at com.alibaba.druid.filter.FilterChainImpl.connection_connect(FilterChainImpl.java:156) ~[druid-1.1.17.jar:1.1.17]
	at com.alibaba.druid.filter.FilterAdapter.connection_connect(FilterAdapter.java:787) ~[druid-1.1.17.jar:1.1.17]
	at com.alibaba.druid.filter.FilterEventAdapter.connection_connect(FilterEventAdapter.java:38) ~[druid-1.1.17.jar:1.1.17]
	at com.alibaba.druid.filter.FilterChainImpl.connection_connect(FilterChainImpl.java:150) ~[druid-1.1.17.jar:1.1.17]
	at com.alibaba.druid.filter.FilterAdapter.connection_connect(FilterAdapter.java:787) ~[druid-1.1.17.jar:1.1.17]
	at com.alibaba.druid.filter.FilterChainImpl.connection_connect(FilterChainImpl.java:150) ~[druid-1.1.17.jar:1.1.17]
	at com.alibaba.druid.filter.stat.StatFilter.connection_connect(StatFilter.java:218) ~[druid-1.1.17.jar:1.1.17]
	at com.alibaba.druid.filter.FilterChainImpl.connection_connect(FilterChainImpl.java:150) ~[druid-1.1.17.jar:1.1.17]
	at com.alibaba.druid.pool.DruidAbstractDataSource.createPhysicalConnection(DruidAbstractDataSource.java:1598) ~[druid-1.1.17.jar:1.1.17]
	at com.alibaba.druid.pool.DruidAbstractDataSource.createPhysicalConnection(DruidAbstractDataSource.java:1662) ~[druid-1.1.17.jar:1.1.17]
	at com.alibaba.druid.pool.DruidDataSource.init(DruidDataSource.java:932) ~[druid-1.1.17.jar:1.1.17]
	at sun.reflect.NativeMethodAccessorImpl.invoke0(Native Method) ~[?:1.8.0_172]
	at sun.reflect.NativeMethodAccessorImpl.invoke(NativeMethodAccessorImpl.java:62) ~[?:1.8.0_172]
	at sun.reflect.DelegatingMethodAccessorImpl.invoke(DelegatingMethodAccessorImpl.java:43) ~[?:1.8.0_172]
	at java.lang.reflect.Method.invoke(Method.java:498) ~[?:1.8.0_172]
	at org.springframework.beans.factory.support.AbstractAutowireCapableBeanFactory.invokeCustomInitMethod(AbstractAutowireCapableBeanFactory.java:1920) ~[spring-beans-5.2.8.RELEASE.jar:5.2.8.RELEASE]
	at org.springframework.beans.factory.support.AbstractAutowireCapableBeanFactory.invokeInitMethods(AbstractAutowireCapableBeanFactory.java:1862) ~[spring-beans-5.2.8.RELEASE.jar:5.2.8.RELEASE]
	at org.springframework.beans.factory.support.AbstractAutowireCapableBeanFactory.initializeBean(AbstractAutowireCapableBeanFactory.java:1790) ~[spring-beans-5.2.8.RELEASE.jar:5.2.8.RELEASE]
	at org.springframework.beans.factory.support.AbstractAutowireCapableBeanFactory.doCreateBean(AbstractAutowireCapableBeanFactory.java:594) ~[spring-beans-5.2.8.RELEASE.jar:5.2.8.RELEASE]
	at org.springframework.beans.factory.support.AbstractAutowireCapableBeanFactory.createBean(AbstractAutowireCapableBeanFactory.java:516) ~[spring-beans-5.2.8.RELEASE.jar:5.2.8.RELEASE]
	at org.springframework.beans.factory.support.AbstractBeanFactory.lambda$doGetBean$0(AbstractBeanFactory.java:324) ~[spring-beans-5.2.8.RELEASE.jar:5.2.8.RELEASE]
	at org.springframework.beans.factory.support.DefaultSingletonBeanRegistry.getSingleton(DefaultSingletonBeanRegistry.java:226) [spring-beans-5.2.8.RELEASE.jar:5.2.8.RELEASE]
	at org.springframework.beans.factory.support.AbstractBeanFactory.doGetBean(AbstractBeanFactory.java:322) [spring-beans-5.2.8.RELEASE.jar:5.2.8.RELEASE]
	at org.springframework.beans.factory.support.AbstractBeanFactory.getBean(AbstractBeanFactory.java:202) [spring-beans-5.2.8.RELEASE.jar:5.2.8.RELEASE]
	at org.springframework.beans.factory.support.DefaultListableBeanFactory.preInstantiateSingletons(DefaultListableBeanFactory.java:897) [spring-beans-5.2.8.RELEASE.jar:5.2.8.RELEASE]
	at org.springframework.context.support.AbstractApplicationContext.finishBeanFactoryInitialization(AbstractApplicationContext.java:879) [spring-context-5.2.8.RELEASE.jar:5.2.8.RELEASE]
	at org.springframework.context.support.AbstractApplicationContext.refresh(AbstractApplicationContext.java:551) [spring-context-5.2.8.RELEASE.jar:5.2.8.RELEASE]
	at org.springframework.boot.web.servlet.context.ServletWebServerApplicationContext.refresh(ServletWebServerApplicationContext.java:143) [spring-boot-2.3.3.RELEASE.jar:2.3.3.RELEASE]
	at org.springframework.boot.SpringApplication.refresh(SpringApplication.java:758) [spring-boot-2.3.3.RELEASE.jar:2.3.3.RELEASE]
	at org.springframework.boot.SpringApplication.refresh(SpringApplication.java:750) [spring-boot-2.3.3.RELEASE.jar:2.3.3.RELEASE]
	at org.springframework.boot.SpringApplication.refreshContext(SpringApplication.java:397) [spring-boot-2.3.3.RELEASE.jar:2.3.3.RELEASE]
	at org.springframework.boot.SpringApplication.run(SpringApplication.java:315) [spring-boot-2.3.3.RELEASE.jar:2.3.3.RELEASE]
	at org.springframework.boot.SpringApplication.run(SpringApplication.java:1237) [spring-boot-2.3.3.RELEASE.jar:2.3.3.RELEASE]
	at org.springframework.boot.SpringApplication.run(SpringApplication.java:1226) [spring-boot-2.3.3.RELEASE.jar:2.3.3.RELEASE]
	at com.trans.payment.core.CoreApplication.main(CoreApplication.java:9) [classes/:?]
Caused by: com.mysql.cj.exceptions.CJCommunicationsException: Communications link failure

The last packet sent successfully to the server was 0 milliseconds ago. The driver has not received any packets from the server.
	at sun.reflect.NativeConstructorAccessorImpl.newInstance0(Native Method) ~[?:1.8.0_172]
	at sun.reflect.NativeConstructorAccessorImpl.newInstance(NativeConstructorAccessorImpl.java:62) ~[?:1.8.0_172]
	at sun.reflect.DelegatingConstructorAccessorImpl.newInstance(DelegatingConstructorAccessorImpl.java:45) ~[?:1.8.0_172]
	at java.lang.reflect.Constructor.newInstance(Constructor.java:423) ~[?:1.8.0_172]
	at com.mysql.cj.exceptions.ExceptionFactory.createException(ExceptionFactory.java:61) ~[mysql-connector-java-8.0.21.jar:8.0.21]
	at com.mysql.cj.exceptions.ExceptionFactory.createException(ExceptionFactory.java:105) ~[mysql-connector-java-8.0.21.jar:8.0.21]
	at com.mysql.cj.exceptions.ExceptionFactory.createException(ExceptionFactory.java:151) ~[mysql-connector-java-8.0.21.jar:8.0.21]
	at com.mysql.cj.exceptions.ExceptionFactory.createCommunicationsException(ExceptionFactory.java:167) ~[mysql-connector-java-8.0.21.jar:8.0.21]
	at com.mysql.cj.protocol.a.NativeSocketConnection.connect(NativeSocketConnection.java:91) ~[mysql-connector-java-8.0.21.jar:8.0.21]
	at com.mysql.cj.NativeSession.connect(NativeSession.java:144) ~[mysql-connector-java-8.0.21.jar:8.0.21]
	at com.mysql.cj.jdbc.ConnectionImpl.connectWithRetries(ConnectionImpl.java:850) ~[mysql-connector-java-8.0.21.jar:8.0.21]
	... 39 more
Caused by: java.net.ConnectException: Connection refused: connect
	at java.net.DualStackPlainSocketImpl.connect0(Native Method) ~[?:1.8.0_172]
	at java.net.DualStackPlainSocketImpl.socketConnect(DualStackPlainSocketImpl.java:79) ~[?:1.8.0_172]
	at java.net.AbstractPlainSocketImpl.doConnect(AbstractPlainSocketImpl.java:350) ~[?:1.8.0_172]
	at java.net.AbstractPlainSocketImpl.connectToAddress(AbstractPlainSocketImpl.java:206) ~[?:1.8.0_172]
	at java.net.AbstractPlainSocketImpl.connect(AbstractPlainSocketImpl.java:188) ~[?:1.8.0_172]
	at java.net.PlainSocketImpl.connect(PlainSocketImpl.java:172) ~[?:1.8.0_172]
	at java.net.SocksSocketImpl.connect(SocksSocketImpl.java:392) ~[?:1.8.0_172]
	at java.net.Socket.connect(Socket.java:589) ~[?:1.8.0_172]
	at com.mysql.cj.protocol.StandardSocketFactory.connect(StandardSocketFactory.java:155) ~[mysql-connector-java-8.0.21.jar:8.0.21]
	at com.mysql.cj.protocol.a.NativeSocketConnection.connect(NativeSocketConnection.java:65) ~[mysql-connector-java-8.0.21.jar:8.0.21]
	at com.mysql.cj.NativeSession.connect(NativeSession.java:144) ~[mysql-connector-java-8.0.21.jar:8.0.21]
	at com.mysql.cj.jdbc.ConnectionImpl.connectWithRetries(ConnectionImpl.java:850) ~[mysql-connector-java-8.0.21.jar:8.0.21]
	... 39 more
2021-02-07 20:24:02,895   INFO com.alibaba.druid.pool.DruidDataSource:1003 {dataSource-1} inited
2021-02-07 20:24:02,898   WARN org.springframework.boot.web.servlet.context.AnnotationConfigServletWebServerApplicationContext:559 Exception encountered during context initialization - cancelling refresh attempt: org.springframework.beans.factory.BeanCreationException: Error creating bean with name 'dataSource' defined in class path resource [com/alibaba/druid/spring/boot/autoconfigure/DruidDataSourceAutoConfigure.class]: Invocation of init method failed; nested exception is java.sql.SQLNonTransientConnectionException: Could not create connection to database server. Attempted reconnect 3 times. Giving up.
2021-02-07 20:24:02,899   INFO org.springframework.scheduling.concurrent.ThreadPoolTaskExecutor:218 Shutting down ExecutorService 'applicationTaskExecutor'
2021-02-07 20:24:02,957   INFO org.springframework.boot.autoconfigure.logging.ConditionEvaluationReportLoggingListener:136 

Error starting ApplicationContext. To display the conditions report re-run your application with 'debug' enabled.
2021-02-07 20:24:02,981   ERROR org.springframework.boot.SpringApplication:837 Application run failed
org.springframework.beans.factory.BeanCreationException: Error creating bean with name 'dataSource' defined in class path resource [com/alibaba/druid/spring/boot/autoconfigure/DruidDataSourceAutoConfigure.class]: Invocation of init method failed; nested exception is java.sql.SQLNonTransientConnectionException: Could not create connection to database server. Attempted reconnect 3 times. Giving up.
	at org.springframework.beans.factory.support.AbstractAutowireCapableBeanFactory.initializeBean(AbstractAutowireCapableBeanFactory.java:1794) ~[spring-beans-5.2.8.RELEASE.jar:5.2.8.RELEASE]
	at org.springframework.beans.factory.support.AbstractAutowireCapableBeanFactory.doCreateBean(AbstractAutowireCapableBeanFactory.java:594) ~[spring-beans-5.2.8.RELEASE.jar:5.2.8.RELEASE]
	at org.springframework.beans.factory.support.AbstractAutowireCapableBeanFactory.createBean(AbstractAutowireCapableBeanFactory.java:516) ~[spring-beans-5.2.8.RELEASE.jar:5.2.8.RELEASE]
	at org.springframework.beans.factory.support.AbstractBeanFactory.lambda$doGetBean$0(AbstractBeanFactory.java:324) ~[spring-beans-5.2.8.RELEASE.jar:5.2.8.RELEASE]
	at org.springframework.beans.factory.support.DefaultSingletonBeanRegistry.getSingleton(DefaultSingletonBeanRegistry.java:226) ~[spring-beans-5.2.8.RELEASE.jar:5.2.8.RELEASE]
	at org.springframework.beans.factory.support.AbstractBeanFactory.doGetBean(AbstractBeanFactory.java:322) ~[spring-beans-5.2.8.RELEASE.jar:5.2.8.RELEASE]
	at org.springframework.beans.factory.support.AbstractBeanFactory.getBean(AbstractBeanFactory.java:202) ~[spring-beans-5.2.8.RELEASE.jar:5.2.8.RELEASE]
	at org.springframework.beans.factory.support.DefaultListableBeanFactory.preInstantiateSingletons(DefaultListableBeanFactory.java:897) ~[spring-beans-5.2.8.RELEASE.jar:5.2.8.RELEASE]
	at org.springframework.context.support.AbstractApplicationContext.finishBeanFactoryInitialization(AbstractApplicationContext.java:879) ~[spring-context-5.2.8.RELEASE.jar:5.2.8.RELEASE]
	at org.springframework.context.support.AbstractApplicationContext.refresh(AbstractApplicationContext.java:551) ~[spring-context-5.2.8.RELEASE.jar:5.2.8.RELEASE]
	at org.springframework.boot.web.servlet.context.ServletWebServerApplicationContext.refresh(ServletWebServerApplicationContext.java:143) ~[spring-boot-2.3.3.RELEASE.jar:2.3.3.RELEASE]
	at org.springframework.boot.SpringApplication.refresh(SpringApplication.java:758) ~[spring-boot-2.3.3.RELEASE.jar:2.3.3.RELEASE]
	at org.springframework.boot.SpringApplication.refresh(SpringApplication.java:750) [spring-boot-2.3.3.RELEASE.jar:2.3.3.RELEASE]
	at org.springframework.boot.SpringApplication.refreshContext(SpringApplication.java:397) [spring-boot-2.3.3.RELEASE.jar:2.3.3.RELEASE]
	at org.springframework.boot.SpringApplication.run(SpringApplication.java:315) [spring-boot-2.3.3.RELEASE.jar:2.3.3.RELEASE]
	at org.springframework.boot.SpringApplication.run(SpringApplication.java:1237) [spring-boot-2.3.3.RELEASE.jar:2.3.3.RELEASE]
	at org.springframework.boot.SpringApplication.run(SpringApplication.java:1226) [spring-boot-2.3.3.RELEASE.jar:2.3.3.RELEASE]
	at com.trans.payment.core.CoreApplication.main(CoreApplication.java:9) [classes/:?]
Caused by: java.sql.SQLNonTransientConnectionException: Could not create connection to database server. Attempted reconnect 3 times. Giving up.
	at com.mysql.cj.jdbc.exceptions.SQLError.createSQLException(SQLError.java:110) ~[mysql-connector-java-8.0.21.jar:8.0.21]
	at com.mysql.cj.jdbc.exceptions.SQLError.createSQLException(SQLError.java:97) ~[mysql-connector-java-8.0.21.jar:8.0.21]
	at com.mysql.cj.jdbc.exceptions.SQLError.createSQLException(SQLError.java:89) ~[mysql-connector-java-8.0.21.jar:8.0.21]
	at com.mysql.cj.jdbc.exceptions.SQLError.createSQLException(SQLError.java:63) ~[mysql-connector-java-8.0.21.jar:8.0.21]
	at com.mysql.cj.jdbc.exceptions.SQLError.createSQLException(SQLError.java:73) ~[mysql-connector-java-8.0.21.jar:8.0.21]
	at com.mysql.cj.jdbc.ConnectionImpl.connectWithRetries(ConnectionImpl.java:906) ~[mysql-connector-java-8.0.21.jar:8.0.21]
	at com.mysql.cj.jdbc.ConnectionImpl.createNewIO(ConnectionImpl.java:831) ~[mysql-connector-java-8.0.21.jar:8.0.21]
	at com.mysql.cj.jdbc.ConnectionImpl.<init>(ConnectionImpl.java:456) ~[mysql-connector-java-8.0.21.jar:8.0.21]
	at com.mysql.cj.jdbc.ConnectionImpl.getInstance(ConnectionImpl.java:246) ~[mysql-connector-java-8.0.21.jar:8.0.21]
	at com.mysql.cj.jdbc.NonRegisteringDriver.connect(NonRegisteringDriver.java:197) ~[mysql-connector-java-8.0.21.jar:8.0.21]
	at com.alibaba.druid.filter.FilterChainImpl.connection_connect(FilterChainImpl.java:156) ~[druid-1.1.17.jar:1.1.17]
	at com.alibaba.druid.filter.FilterAdapter.connection_connect(FilterAdapter.java:787) ~[druid-1.1.17.jar:1.1.17]
	at com.alibaba.druid.filter.FilterEventAdapter.connection_connect(FilterEventAdapter.java:38) ~[druid-1.1.17.jar:1.1.17]
	at com.alibaba.druid.filter.FilterChainImpl.connection_connect(FilterChainImpl.java:150) ~[druid-1.1.17.jar:1.1.17]
	at com.alibaba.druid.filter.FilterAdapter.connection_connect(FilterAdapter.java:787) ~[druid-1.1.17.jar:1.1.17]
	at com.alibaba.druid.filter.FilterChainImpl.connection_connect(FilterChainImpl.java:150) ~[druid-1.1.17.jar:1.1.17]
	at com.alibaba.druid.filter.stat.StatFilter.connection_connect(StatFilter.java:218) ~[druid-1.1.17.jar:1.1.17]
	at com.alibaba.druid.filter.FilterChainImpl.connection_connect(FilterChainImpl.java:150) ~[druid-1.1.17.jar:1.1.17]
	at com.alibaba.druid.pool.DruidAbstractDataSource.createPhysicalConnection(DruidAbstractDataSource.java:1598) ~[druid-1.1.17.jar:1.1.17]
	at com.alibaba.druid.pool.DruidAbstractDataSource.createPhysicalConnection(DruidAbstractDataSource.java:1662) ~[druid-1.1.17.jar:1.1.17]
	at com.alibaba.druid.pool.DruidDataSource.init(DruidDataSource.java:932) ~[druid-1.1.17.jar:1.1.17]
	at sun.reflect.NativeMethodAccessorImpl.invoke0(Native Method) ~[?:1.8.0_172]
	at sun.reflect.NativeMethodAccessorImpl.invoke(NativeMethodAccessorImpl.java:62) ~[?:1.8.0_172]
	at sun.reflect.DelegatingMethodAccessorImpl.invoke(DelegatingMethodAccessorImpl.java:43) ~[?:1.8.0_172]
	at java.lang.reflect.Method.invoke(Method.java:498) ~[?:1.8.0_172]
	at org.springframework.beans.factory.support.AbstractAutowireCapableBeanFactory.invokeCustomInitMethod(AbstractAutowireCapableBeanFactory.java:1920) ~[spring-beans-5.2.8.RELEASE.jar:5.2.8.RELEASE]
	at org.springframework.beans.factory.support.AbstractAutowireCapableBeanFactory.invokeInitMethods(AbstractAutowireCapableBeanFactory.java:1862) ~[spring-beans-5.2.8.RELEASE.jar:5.2.8.RELEASE]
	at org.springframework.beans.factory.support.AbstractAutowireCapableBeanFactory.initializeBean(AbstractAutowireCapableBeanFactory.java:1790) ~[spring-beans-5.2.8.RELEASE.jar:5.2.8.RELEASE]
	... 17 more
Caused by: com.mysql.cj.exceptions.CJCommunicationsException: Communications link failure

The last packet sent successfully to the server was 0 milliseconds ago. The driver has not received any packets from the server.
	at sun.reflect.NativeConstructorAccessorImpl.newInstance0(Native Method) ~[?:1.8.0_172]
	at sun.reflect.NativeConstructorAccessorImpl.newInstance(NativeConstructorAccessorImpl.java:62) ~[?:1.8.0_172]
	at sun.reflect.DelegatingConstructorAccessorImpl.newInstance(DelegatingConstructorAccessorImpl.java:45) ~[?:1.8.0_172]
	at java.lang.reflect.Constructor.newInstance(Constructor.java:423) ~[?:1.8.0_172]
	at com.mysql.cj.exceptions.ExceptionFactory.createException(ExceptionFactory.java:61) ~[mysql-connector-java-8.0.21.jar:8.0.21]
	at com.mysql.cj.exceptions.ExceptionFactory.createException(ExceptionFactory.java:105) ~[mysql-connector-java-8.0.21.jar:8.0.21]
	at com.mysql.cj.exceptions.ExceptionFactory.createException(ExceptionFactory.java:151) ~[mysql-connector-java-8.0.21.jar:8.0.21]
	at com.mysql.cj.exceptions.ExceptionFactory.createCommunicationsException(ExceptionFactory.java:167) ~[mysql-connector-java-8.0.21.jar:8.0.21]
	at com.mysql.cj.protocol.a.NativeSocketConnection.connect(NativeSocketConnection.java:91) ~[mysql-connector-java-8.0.21.jar:8.0.21]
	at com.mysql.cj.NativeSession.connect(NativeSession.java:144) ~[mysql-connector-java-8.0.21.jar:8.0.21]
	at com.mysql.cj.jdbc.ConnectionImpl.connectWithRetries(ConnectionImpl.java:850) ~[mysql-connector-java-8.0.21.jar:8.0.21]
	at com.mysql.cj.jdbc.ConnectionImpl.createNewIO(ConnectionImpl.java:831) ~[mysql-connector-java-8.0.21.jar:8.0.21]
	at com.mysql.cj.jdbc.ConnectionImpl.<init>(ConnectionImpl.java:456) ~[mysql-connector-java-8.0.21.jar:8.0.21]
	at com.mysql.cj.jdbc.ConnectionImpl.getInstance(ConnectionImpl.java:246) ~[mysql-connector-java-8.0.21.jar:8.0.21]
	at com.mysql.cj.jdbc.NonRegisteringDriver.connect(NonRegisteringDriver.java:197) ~[mysql-connector-java-8.0.21.jar:8.0.21]
	at com.alibaba.druid.filter.FilterChainImpl.connection_connect(FilterChainImpl.java:156) ~[druid-1.1.17.jar:1.1.17]
	at com.alibaba.druid.filter.FilterAdapter.connection_connect(FilterAdapter.java:787) ~[druid-1.1.17.jar:1.1.17]
	at com.alibaba.druid.filter.FilterEventAdapter.connection_connect(FilterEventAdapter.java:38) ~[druid-1.1.17.jar:1.1.17]
	at com.alibaba.druid.filter.FilterChainImpl.connection_connect(FilterChainImpl.java:150) ~[druid-1.1.17.jar:1.1.17]
	at com.alibaba.druid.filter.FilterAdapter.connection_connect(FilterAdapter.java:787) ~[druid-1.1.17.jar:1.1.17]
	at com.alibaba.druid.filter.FilterChainImpl.connection_connect(FilterChainImpl.java:150) ~[druid-1.1.17.jar:1.1.17]
	at com.alibaba.druid.filter.stat.StatFilter.connection_connect(StatFilter.java:218) ~[druid-1.1.17.jar:1.1.17]
	at com.alibaba.druid.filter.FilterChainImpl.connection_connect(FilterChainImpl.java:150) ~[druid-1.1.17.jar:1.1.17]
	at com.alibaba.druid.pool.DruidAbstractDataSource.createPhysicalConnection(DruidAbstractDataSource.java:1598) ~[druid-1.1.17.jar:1.1.17]
	at com.alibaba.druid.pool.DruidAbstractDataSource.createPhysicalConnection(DruidAbstractDataSource.java:1662) ~[druid-1.1.17.jar:1.1.17]
	at com.alibaba.druid.pool.DruidDataSource.init(DruidDataSource.java:932) ~[druid-1.1.17.jar:1.1.17]
	at sun.reflect.NativeMethodAccessorImpl.invoke0(Native Method) ~[?:1.8.0_172]
	at sun.reflect.NativeMethodAccessorImpl.invoke(NativeMethodAccessorImpl.java:62) ~[?:1.8.0_172]
	at sun.reflect.DelegatingMethodAccessorImpl.invoke(DelegatingMethodAccessorImpl.java:43) ~[?:1.8.0_172]
	at java.lang.reflect.Method.invoke(Method.java:498) ~[?:1.8.0_172]
	at org.springframework.beans.factory.support.AbstractAutowireCapableBeanFactory.invokeCustomInitMethod(AbstractAutowireCapableBeanFactory.java:1920) ~[spring-beans-5.2.8.RELEASE.jar:5.2.8.RELEASE]
	at org.springframework.beans.factory.support.AbstractAutowireCapableBeanFactory.invokeInitMethods(AbstractAutowireCapableBeanFactory.java:1862) ~[spring-beans-5.2.8.RELEASE.jar:5.2.8.RELEASE]
	at org.springframework.beans.factory.support.AbstractAutowireCapableBeanFactory.initializeBean(AbstractAutowireCapableBeanFactory.java:1790) ~[spring-beans-5.2.8.RELEASE.jar:5.2.8.RELEASE]
	... 17 more
Caused by: java.net.ConnectException: Connection refused: connect
	at java.net.DualStackPlainSocketImpl.connect0(Native Method) ~[?:1.8.0_172]
	at java.net.DualStackPlainSocketImpl.socketConnect(DualStackPlainSocketImpl.java:79) ~[?:1.8.0_172]
	at java.net.AbstractPlainSocketImpl.doConnect(AbstractPlainSocketImpl.java:350) ~[?:1.8.0_172]
	at java.net.AbstractPlainSocketImpl.connectToAddress(AbstractPlainSocketImpl.java:206) ~[?:1.8.0_172]
	at java.net.AbstractPlainSocketImpl.connect(AbstractPlainSocketImpl.java:188) ~[?:1.8.0_172]
	at java.net.PlainSocketImpl.connect(PlainSocketImpl.java:172) ~[?:1.8.0_172]
	at java.net.SocksSocketImpl.connect(SocksSocketImpl.java:392) ~[?:1.8.0_172]
	at java.net.Socket.connect(Socket.java:589) ~[?:1.8.0_172]
	at com.mysql.cj.protocol.StandardSocketFactory.connect(StandardSocketFactory.java:155) ~[mysql-connector-java-8.0.21.jar:8.0.21]
	at com.mysql.cj.protocol.a.NativeSocketConnection.connect(NativeSocketConnection.java:65) ~[mysql-connector-java-8.0.21.jar:8.0.21]
	at com.mysql.cj.NativeSession.connect(NativeSession.java:144) ~[mysql-connector-java-8.0.21.jar:8.0.21]
	at com.mysql.cj.jdbc.ConnectionImpl.connectWithRetries(ConnectionImpl.java:850) ~[mysql-connector-java-8.0.21.jar:8.0.21]
	at com.mysql.cj.jdbc.ConnectionImpl.createNewIO(ConnectionImpl.java:831) ~[mysql-connector-java-8.0.21.jar:8.0.21]
	at com.mysql.cj.jdbc.ConnectionImpl.<init>(ConnectionImpl.java:456) ~[mysql-connector-java-8.0.21.jar:8.0.21]
	at com.mysql.cj.jdbc.ConnectionImpl.getInstance(ConnectionImpl.java:246) ~[mysql-connector-java-8.0.21.jar:8.0.21]
	at com.mysql.cj.jdbc.NonRegisteringDriver.connect(NonRegisteringDriver.java:197) ~[mysql-connector-java-8.0.21.jar:8.0.21]
	at com.alibaba.druid.filter.FilterChainImpl.connection_connect(FilterChainImpl.java:156) ~[druid-1.1.17.jar:1.1.17]
	at com.alibaba.druid.filter.FilterAdapter.connection_connect(FilterAdapter.java:787) ~[druid-1.1.17.jar:1.1.17]
	at com.alibaba.druid.filter.FilterEventAdapter.connection_connect(FilterEventAdapter.java:38) ~[druid-1.1.17.jar:1.1.17]
	at com.alibaba.druid.filter.FilterChainImpl.connection_connect(FilterChainImpl.java:150) ~[druid-1.1.17.jar:1.1.17]
	at com.alibaba.druid.filter.FilterAdapter.connection_connect(FilterAdapter.java:787) ~[druid-1.1.17.jar:1.1.17]
	at com.alibaba.druid.filter.FilterChainImpl.connection_connect(FilterChainImpl.java:150) ~[druid-1.1.17.jar:1.1.17]
	at com.alibaba.druid.filter.stat.StatFilter.connection_connect(StatFilter.java:218) ~[druid-1.1.17.jar:1.1.17]
	at com.alibaba.druid.filter.FilterChainImpl.connection_connect(FilterChainImpl.java:150) ~[druid-1.1.17.jar:1.1.17]
	at com.alibaba.druid.pool.DruidAbstractDataSource.createPhysicalConnection(DruidAbstractDataSource.java:1598) ~[druid-1.1.17.jar:1.1.17]
	at com.alibaba.druid.pool.DruidAbstractDataSource.createPhysicalConnection(DruidAbstractDataSource.java:1662) ~[druid-1.1.17.jar:1.1.17]
	at com.alibaba.druid.pool.DruidDataSource.init(DruidDataSource.java:932) ~[druid-1.1.17.jar:1.1.17]
	at sun.reflect.NativeMethodAccessorImpl.invoke0(Native Method) ~[?:1.8.0_172]
	at sun.reflect.NativeMethodAccessorImpl.invoke(NativeMethodAccessorImpl.java:62) ~[?:1.8.0_172]
	at sun.reflect.DelegatingMethodAccessorImpl.invoke(DelegatingMethodAccessorImpl.java:43) ~[?:1.8.0_172]
	at java.lang.reflect.Method.invoke(Method.java:498) ~[?:1.8.0_172]
	at org.springframework.beans.factory.support.AbstractAutowireCapableBeanFactory.invokeCustomInitMethod(AbstractAutowireCapableBeanFactory.java:1920) ~[spring-beans-5.2.8.RELEASE.jar:5.2.8.RELEASE]
	at org.springframework.beans.factory.support.AbstractAutowireCapableBeanFactory.invokeInitMethods(AbstractAutowireCapableBeanFactory.java:1862) ~[spring-beans-5.2.8.RELEASE.jar:5.2.8.RELEASE]
	at org.springframework.beans.factory.support.AbstractAutowireCapableBeanFactory.initializeBean(AbstractAutowireCapableBeanFactory.java:1790) ~[spring-beans-5.2.8.RELEASE.jar:5.2.8.RELEASE]
	... 17 more
2021-02-07 20:27:25,117   DEBUG org.jboss.logging:152 Logging Provider: org.jboss.logging.Log4j2LoggerProvider
2021-02-07 20:27:25,143   INFO org.hibernate.validator.internal.util.Version:17 HV000001: Hibernate Validator 5.2.0.Final
2021-02-07 20:27:25,237   INFO com.trans.payment.core.CoreApplication:55 Starting CoreApplication on DESKTOP-4F7LLMT with PID 3128 (D:\workSpace\trans\trans-core\target\classes started by hupengxiang in D:\workSpace\trans)
2021-02-07 20:27:25,244   DEBUG com.trans.payment.core.CoreApplication:56 Running with Spring Boot v2.3.3.RELEASE, Spring v5.2.8.RELEASE
2021-02-07 20:27:25,245   INFO com.trans.payment.core.CoreApplication:651 No active profile set, falling back to default profiles: default
2021-02-07 20:27:26,910   DEBUG tk.mybatis.mapper.autoconfigure.MapperAutoConfiguration:203 Searching for mappers annotated with @Mapper
2021-02-07 20:27:26,975   DEBUG tk.mybatis.mapper.autoconfigure.MapperAutoConfiguration:214 Using auto-configuration base package 'com.trans.payment.core'
2021-02-07 20:27:26,980   WARN tk.mybatis.spring.mapper.ClassPathMapperScanner:146 No MyBatis mapper was found in '[com.trans.payment.core]' package. Please check your configuration.
2021-02-07 20:27:26,996   WARN org.mybatis.spring.mapper.ClassPathMapperScanner:166 No MyBatis mapper was found in '[com.trans.payment.core]' package. Please check your configuration.
2021-02-07 20:27:28,005   WARN io.undertow.websockets.jsr:68 UT026010: Buffer pool was not set on WebSocketDeploymentInfo, the default pool will be used
2021-02-07 20:27:28,032   DEBUG io.undertow.session:384 Setting default session timeout to 1800
2021-02-07 20:27:28,052   INFO io.undertow.servlet:364 Initializing Spring embedded WebApplicationContext
2021-02-07 20:27:28,053   INFO org.springframework.boot.web.servlet.context.ServletWebServerApplicationContext:285 Root WebApplicationContext: initialization completed in 2710 ms
2021-02-07 20:27:28,158   DEBUG io.micrometer.core.util.internal.logging.InternalLoggerFactory:61 Using SLF4J as the default logging framework
2021-02-07 20:27:28,443   DEBUG io.undertow.session:245 Registered session listener io.undertow.servlet.core.SessionListenerBridge@2b7962a2
2021-02-07 20:27:28,500   DEBUG io.undertow.session:384 Setting default session timeout to 1800
2021-02-07 20:27:28,757   INFO org.springframework.scheduling.concurrent.ThreadPoolTaskExecutor:181 Initializing ExecutorService 'applicationTaskExecutor'
2021-02-07 20:27:29,212   INFO com.alibaba.druid.spring.boot.autoconfigure.DruidDataSourceAutoConfigure:56 Init DruidDataSource
2021-02-07 20:27:30,618   INFO com.alibaba.druid.pool.DruidDataSource:1003 {dataSource-1} inited
2021-02-07 20:27:30,671   INFO tk.mybatis.mapper.autoconfigure.MapperCacheDisabler:60 Clear tk.mybatis.mapper.util.MsUtil CLASS_CACHE cache.
2021-02-07 20:27:30,673   INFO tk.mybatis.mapper.autoconfigure.MapperCacheDisabler:60 Clear tk.mybatis.mapper.genid.GenIdUtil CACHE cache.
2021-02-07 20:27:30,675   INFO tk.mybatis.mapper.autoconfigure.MapperCacheDisabler:60 Clear tk.mybatis.mapper.version.VersionUtil CACHE cache.
2021-02-07 20:27:30,685   DEBUG org.apache.ibatis.logging.LogFactory:135 Logging initialized using 'class org.apache.ibatis.logging.slf4j.Slf4jImpl' adapter.
2021-02-07 20:27:30,690   INFO tk.mybatis.mapper.autoconfigure.MapperCacheDisabler:83 Clear EntityHelper entityTableMap cache.
2021-02-07 20:27:30,691   DEBUG tk.mybatis.mapper.autoconfigure.MapperAutoConfiguration:262 No tk.mybatis.spring.mapper.MapperFactoryBean found.
2021-02-07 20:27:30,860   DEBUG org.apache.ibatis.io.VFS:77 Using VFS adapter tk.mybatis.mapper.autoconfigure.SpringBootVFS
2021-02-07 20:27:31,594   INFO org.springframework.boot.actuate.endpoint.web.EndpointLinksResolver:58 Exposing 2 endpoint(s) beneath base path '/actuator'
2021-02-07 20:27:31,719   INFO io.undertow:117 starting server: Undertow - 2.1.3.Final
2021-02-07 20:27:31,733   INFO org.xnio:95 XNIO version 3.8.0.Final
2021-02-07 20:27:31,745   INFO org.xnio.nio:59 XNIO NIO Implementation Version 3.8.0.Final
2021-02-07 20:27:31,813   INFO org.jboss.threads:52 JBoss Threads version 3.1.0.Final
2021-02-07 20:27:31,837   DEBUG io.undertow:157 Configuring listener with protocol HTTP for interface 0.0.0.0 and port 8080
2021-02-07 20:27:31,837   DEBUG org.xnio.nio:444 Started channel thread 'XNIO-1 I/O-2', selector sun.nio.ch.WindowsSelectorImpl@1841e03e
2021-02-07 20:27:31,837   DEBUG org.xnio.nio:444 Started channel thread 'XNIO-1 I/O-1', selector sun.nio.ch.WindowsSelectorImpl@5b6c3948
2021-02-07 20:27:31,837   DEBUG org.xnio.nio:444 Started channel thread 'XNIO-1 Accept', selector sun.nio.ch.WindowsSelectorImpl@6899d74c
2021-02-07 20:27:31,837   DEBUG org.xnio.nio:444 Started channel thread 'XNIO-1 I/O-4', selector sun.nio.ch.WindowsSelectorImpl@4c22f2ed
2021-02-07 20:27:31,837   DEBUG org.xnio.nio:444 Started channel thread 'XNIO-1 I/O-3', selector sun.nio.ch.WindowsSelectorImpl@2bbfddfa
2021-02-07 20:27:31,931   INFO org.springframework.boot.web.embedded.undertow.UndertowWebServer:133 Undertow started on port(s) 8080 (http) with context path '/trans'
2021-02-07 20:27:31,988   INFO com.trans.payment.core.CoreApplication:61 Started CoreApplication in 8.522 seconds (JVM running for 11.61)
2021-02-07 20:27:32,482   INFO io.undertow.servlet:364 Initializing Spring DispatcherServlet 'dispatcherServlet'
2021-02-07 20:27:32,483   INFO org.springframework.web.servlet.DispatcherServlet:525 Initializing Servlet 'dispatcherServlet'
2021-02-07 20:27:32,500   INFO org.springframework.web.servlet.DispatcherServlet:547 Completed initialization in 16 ms
2021-02-07 20:28:23,656   DEBUG io.undertow.request:97 Matched default handler path /test
2021-02-07 20:29:10,697   DEBUG org.jboss.logging:152 Logging Provider: org.jboss.logging.Log4j2LoggerProvider
2021-02-07 20:29:10,709   INFO org.hibernate.validator.internal.util.Version:17 HV000001: Hibernate Validator 5.2.0.Final
2021-02-07 20:29:10,789   INFO com.trans.payment.core.CoreApplication:55 Starting CoreApplication on DESKTOP-4F7LLMT with PID 7856 (D:\workSpace\trans\trans-core\target\classes started by hupengxiang in D:\workSpace\trans)
2021-02-07 20:29:10,796   DEBUG com.trans.payment.core.CoreApplication:56 Running with Spring Boot v2.3.3.RELEASE, Spring v5.2.8.RELEASE
2021-02-07 20:29:10,797   INFO com.trans.payment.core.CoreApplication:651 No active profile set, falling back to default profiles: default
2021-02-07 20:29:11,952   DEBUG tk.mybatis.mapper.autoconfigure.MapperAutoConfiguration:203 Searching for mappers annotated with @Mapper
2021-02-07 20:29:12,016   DEBUG tk.mybatis.mapper.autoconfigure.MapperAutoConfiguration:214 Using auto-configuration base package 'com.trans.payment.core'
2021-02-07 20:29:12,019   WARN tk.mybatis.spring.mapper.ClassPathMapperScanner:146 No MyBatis mapper was found in '[com.trans.payment.core]' package. Please check your configuration.
2021-02-07 20:29:12,027   WARN org.mybatis.spring.mapper.ClassPathMapperScanner:166 No MyBatis mapper was found in '[com.trans.payment.core]' package. Please check your configuration.
2021-02-07 20:29:12,723   WARN io.undertow.websockets.jsr:68 UT026010: Buffer pool was not set on WebSocketDeploymentInfo, the default pool will be used
2021-02-07 20:29:12,742   DEBUG io.undertow.session:384 Setting default session timeout to 1800
2021-02-07 20:29:12,754   INFO io.undertow.servlet:364 Initializing Spring embedded WebApplicationContext
2021-02-07 20:29:12,754   INFO org.springframework.boot.web.servlet.context.ServletWebServerApplicationContext:285 Root WebApplicationContext: initialization completed in 1858 ms
2021-02-07 20:29:12,823   DEBUG io.micrometer.core.util.internal.logging.InternalLoggerFactory:61 Using SLF4J as the default logging framework
2021-02-07 20:29:13,028   DEBUG io.undertow.session:245 Registered session listener io.undertow.servlet.core.SessionListenerBridge@4821aa9f
2021-02-07 20:29:13,074   DEBUG io.undertow.session:384 Setting default session timeout to 1800
2021-02-07 20:29:13,251   INFO org.springframework.scheduling.concurrent.ThreadPoolTaskExecutor:181 Initializing ExecutorService 'applicationTaskExecutor'
2021-02-07 20:29:13,520   INFO com.alibaba.druid.spring.boot.autoconfigure.DruidDataSourceAutoConfigure:56 Init DruidDataSource
2021-02-07 20:29:23,402   DEBUG org.jboss.logging:152 Logging Provider: org.jboss.logging.Log4j2LoggerProvider
2021-02-07 20:29:23,409   INFO org.hibernate.validator.internal.util.Version:17 HV000001: Hibernate Validator 5.2.0.Final
2021-02-07 20:29:23,455   INFO com.trans.payment.core.CoreApplication:55 Starting CoreApplication on DESKTOP-4F7LLMT with PID 13128 (D:\workSpace\trans\trans-core\target\classes started by hupengxiang in D:\workSpace\trans)
2021-02-07 20:29:23,458   DEBUG com.trans.payment.core.CoreApplication:56 Running with Spring Boot v2.3.3.RELEASE, Spring v5.2.8.RELEASE
2021-02-07 20:29:23,458   INFO com.trans.payment.core.CoreApplication:651 No active profile set, falling back to default profiles: default
2021-02-07 20:29:24,322   DEBUG tk.mybatis.mapper.autoconfigure.MapperAutoConfiguration:203 Searching for mappers annotated with @Mapper
2021-02-07 20:29:24,360   DEBUG tk.mybatis.mapper.autoconfigure.MapperAutoConfiguration:214 Using auto-configuration base package 'com.trans.payment.core'
2021-02-07 20:29:24,363   WARN tk.mybatis.spring.mapper.ClassPathMapperScanner:146 No MyBatis mapper was found in '[com.trans.payment.core]' package. Please check your configuration.
2021-02-07 20:29:24,371   WARN org.mybatis.spring.mapper.ClassPathMapperScanner:166 No MyBatis mapper was found in '[com.trans.payment.core]' package. Please check your configuration.
2021-02-07 20:29:24,979   WARN io.undertow.websockets.jsr:68 UT026010: Buffer pool was not set on WebSocketDeploymentInfo, the default pool will be used
2021-02-07 20:29:24,998   DEBUG io.undertow.session:384 Setting default session timeout to 1800
2021-02-07 20:29:25,010   INFO io.undertow.servlet:364 Initializing Spring embedded WebApplicationContext
2021-02-07 20:29:25,011   INFO org.springframework.boot.web.servlet.context.ServletWebServerApplicationContext:285 Root WebApplicationContext: initialization completed in 1500 ms
2021-02-07 20:29:25,073   DEBUG io.micrometer.core.util.internal.logging.InternalLoggerFactory:61 Using SLF4J as the default logging framework
2021-02-07 20:29:25,258   DEBUG io.undertow.session:245 Registered session listener io.undertow.servlet.core.SessionListenerBridge@7b306b9f
2021-02-07 20:29:25,291   DEBUG io.undertow.session:384 Setting default session timeout to 1800
2021-02-07 20:29:25,439   INFO org.springframework.scheduling.concurrent.ThreadPoolTaskExecutor:181 Initializing ExecutorService 'applicationTaskExecutor'
2021-02-07 20:29:25,702   INFO com.alibaba.druid.spring.boot.autoconfigure.DruidDataSourceAutoConfigure:56 Init DruidDataSource
2021-02-07 20:29:26,683   INFO com.alibaba.druid.pool.DruidDataSource:1003 {dataSource-1} inited
2021-02-07 20:29:26,720   INFO tk.mybatis.mapper.autoconfigure.MapperCacheDisabler:60 Clear tk.mybatis.mapper.util.MsUtil CLASS_CACHE cache.
2021-02-07 20:29:26,721   INFO tk.mybatis.mapper.autoconfigure.MapperCacheDisabler:60 Clear tk.mybatis.mapper.genid.GenIdUtil CACHE cache.
2021-02-07 20:29:26,722   INFO tk.mybatis.mapper.autoconfigure.MapperCacheDisabler:60 Clear tk.mybatis.mapper.version.VersionUtil CACHE cache.
2021-02-07 20:29:26,729   DEBUG org.apache.ibatis.logging.LogFactory:135 Logging initialized using 'class org.apache.ibatis.logging.slf4j.Slf4jImpl' adapter.
2021-02-07 20:29:26,732   INFO tk.mybatis.mapper.autoconfigure.MapperCacheDisabler:83 Clear EntityHelper entityTableMap cache.
2021-02-07 20:29:26,733   DEBUG tk.mybatis.mapper.autoconfigure.MapperAutoConfiguration:262 No tk.mybatis.spring.mapper.MapperFactoryBean found.
2021-02-07 20:29:26,816   DEBUG org.apache.ibatis.io.VFS:77 Using VFS adapter tk.mybatis.mapper.autoconfigure.SpringBootVFS
2021-02-07 20:29:27,191   INFO org.springframework.boot.actuate.endpoint.web.EndpointLinksResolver:58 Exposing 2 endpoint(s) beneath base path '/actuator'
2021-02-07 20:29:27,285   INFO io.undertow:117 starting server: Undertow - 2.1.3.Final
2021-02-07 20:29:27,296   INFO org.xnio:95 XNIO version 3.8.0.Final
2021-02-07 20:29:27,307   INFO org.xnio.nio:59 XNIO NIO Implementation Version 3.8.0.Final
2021-02-07 20:29:27,370   INFO org.jboss.threads:52 JBoss Threads version 3.1.0.Final
2021-02-07 20:29:27,398   DEBUG org.xnio.nio:444 Started channel thread 'XNIO-1 I/O-2', selector sun.nio.ch.WindowsSelectorImpl@57f22256
2021-02-07 20:29:27,398   DEBUG org.xnio.nio:444 Started channel thread 'XNIO-1 I/O-3', selector sun.nio.ch.WindowsSelectorImpl@1705626d
2021-02-07 20:29:27,398   DEBUG org.xnio.nio:444 Started channel thread 'XNIO-1 I/O-4', selector sun.nio.ch.WindowsSelectorImpl@1d5365f6
2021-02-07 20:29:27,398   DEBUG org.xnio.nio:444 Started channel thread 'XNIO-1 I/O-1', selector sun.nio.ch.WindowsSelectorImpl@656002ad
2021-02-07 20:29:27,398   DEBUG io.undertow:157 Configuring listener with protocol HTTP for interface 0.0.0.0 and port 8080
2021-02-07 20:29:27,398   DEBUG org.xnio.nio:444 Started channel thread 'XNIO-1 Accept', selector sun.nio.ch.WindowsSelectorImpl@78628425
2021-02-07 20:29:27,447   INFO org.springframework.boot.web.embedded.undertow.UndertowWebServer:133 Undertow started on port(s) 8080 (http) with context path '/trans'
2021-02-07 20:29:27,465   INFO com.trans.payment.core.CoreApplication:61 Started CoreApplication in 5.059 seconds (JVM running for 6.902)
2021-02-07 20:29:28,176   INFO io.undertow.servlet:364 Initializing Spring DispatcherServlet 'dispatcherServlet'
2021-02-07 20:29:28,176   INFO org.springframework.web.servlet.DispatcherServlet:525 Initializing Servlet 'dispatcherServlet'
2021-02-07 20:29:28,184   INFO org.springframework.web.servlet.DispatcherServlet:547 Completed initialization in 8 ms
2021-02-07 20:29:46,432   DEBUG io.undertow.request:97 Matched default handler path /test
2021-02-07 20:30:09,128   DEBUG io.undertow.request:91 Matched prefix path /trans for path /trans/test
2021-02-07 20:30:09,158   DEBUG io.undertow.request.security:86 Attempting to authenticate /trans/test, authentication required: false
2021-02-07 20:30:09,162   DEBUG io.undertow.request.security:247 Authentication outcome was NOT_ATTEMPTED with method io.undertow.security.impl.CachedAuthenticatedSessionMechanism@264c6a2a for /trans/test
2021-02-07 20:30:09,162   DEBUG io.undertow.request.security:110 Authentication result was ATTEMPTED for /trans/test
2021-02-07 20:30:09,241   INFO com.trans.payment.core.service.TestServiceImpl:15 
2021-02-07 20:30:09,356   DEBUG io.undertow.request:97 Matched default handler path /favicon.ico
2021-02-07 20:31:09,409   DEBUG io.undertow.request:151 Timing out idle connection from /0:0:0:0:0:0:0:1:18716
