2021-02-09 14:43:26,597   INFO org.hibernate.validator.internal.util.Version:17 HV000001: Hibernate Validator 5.2.0.Final
2021-02-09 14:43:26,632   INFO com.trans.payment.core.CoreApplication:55 Starting CoreApplication on DESKTOP-4F7LLMT with PID 16608 (D:\workSpace\trans\trans-core\target\classes started by hupengxiang in D:\workSpace\trans)
2021-02-09 14:43:26,635   INFO com.trans.payment.core.CoreApplication:651 No active profile set, falling back to default profiles: default
2021-02-09 14:43:27,140   WARN tk.mybatis.spring.mapper.ClassPathMapperScanner:146 No MyBatis mapper was found in '[com.trans.payment.core]' package. Please check your configuration.
2021-02-09 14:43:27,146   WARN org.mybatis.spring.mapper.ClassPathMapperScanner:166 No MyBatis mapper was found in '[com.trans.payment.core]' package. Please check your configuration.
2021-02-09 14:43:27,512   WARN io.undertow.websockets.jsr:68 UT026010: Buffer pool was not set on WebSocketDeploymentInfo, the default pool will be used
2021-02-09 14:43:27,538   INFO io.undertow.servlet:364 Initializing Spring embedded WebApplicationContext
2021-02-09 14:43:27,538   INFO org.springframework.boot.web.servlet.context.ServletWebServerApplicationContext:285 Root WebApplicationContext: initialization completed in 872 ms
2021-02-09 14:43:27,805   INFO org.springframework.scheduling.concurrent.ThreadPoolTaskExecutor:181 Initializing ExecutorService 'applicationTaskExecutor'
2021-02-09 14:43:27,899   INFO com.alibaba.druid.spring.boot.autoconfigure.DruidDataSourceAutoConfigure:56 Init DruidDataSource
2021-02-09 14:43:27,980   INFO com.alibaba.druid.pool.DruidDataSource:1003 {dataSource-1} inited
2021-02-09 14:43:27,994   INFO tk.mybatis.mapper.autoconfigure.MapperCacheDisabler:60 Clear tk.mybatis.mapper.util.MsUtil CLASS_CACHE cache.
2021-02-09 14:43:27,995   INFO tk.mybatis.mapper.autoconfigure.MapperCacheDisabler:60 Clear tk.mybatis.mapper.genid.GenIdUtil CACHE cache.
2021-02-09 14:43:27,995   INFO tk.mybatis.mapper.autoconfigure.MapperCacheDisabler:60 Clear tk.mybatis.mapper.version.VersionUtil CACHE cache.
2021-02-09 14:43:27,998   INFO tk.mybatis.mapper.autoconfigure.MapperCacheDisabler:83 Clear EntityHelper entityTableMap cache.
2021-02-09 14:43:28,214   INFO org.springframework.boot.actuate.endpoint.web.EndpointLinksResolver:58 Exposing 2 endpoint(s) beneath base path '/actuator'
2021-02-09 14:43:28,243   INFO io.undertow:117 starting server: Undertow - 2.1.3.Final
2021-02-09 14:43:28,248   INFO org.xnio:95 XNIO version 3.8.0.Final
2021-02-09 14:43:28,253   INFO org.xnio.nio:59 XNIO NIO Implementation Version 3.8.0.Final
2021-02-09 14:43:28,283   INFO org.jboss.threads:52 JBoss Threads version 3.1.0.Final
2021-02-09 14:43:28,326   INFO org.springframework.boot.web.embedded.undertow.UndertowWebServer:133 Undertow started on port(s) 8080 (http) with context path '/trans'
2021-02-09 14:43:28,337   INFO com.trans.payment.core.CoreApplication:61 Started CoreApplication in 2.078 seconds (JVM running for 3.735)
2021-02-09 14:43:28,788   INFO io.undertow.servlet:364 Initializing Spring DispatcherServlet 'dispatcherServlet'
2021-02-09 14:43:28,788   INFO org.springframework.web.servlet.DispatcherServlet:525 Initializing Servlet 'dispatcherServlet'
2021-02-09 14:43:28,794   INFO org.springframework.web.servlet.DispatcherServlet:547 Completed initialization in 6 ms
